--------------------------------------------------------------------------------
Process Logger:
--------------------------------------------------------------------------------

{'pid': 0, 'username': 'NT AUTHORITY\\SYSTEM', 'name': 'System Idle Process', 'vms': 0.05859375}
{'pid': 4, 'username': 'NT AUTHORITY\\SYSTEM', 'name': 'System', 'vms': 0.203125}
{'pid': 32, 'username': 'DESKTOP-1SJROOB\\admin', 'name': 'chrome.exe', 'vms': 29.30078125}
{'pid': 100, 'username': None, 'name': 'Registry', 'vms': 6.83984375}
{'pid': 460, 'username': None, 'name': 'smss.exe', 'vms': 1.04296875}
{'pid': 468, 'username': 'DESKTOP-1SJROOB\\admin', 'name': 'ShellExperienceHost.exe', 'vms': 21.9921875}
{'pid': 520, 'username': None, 'name': 'svchost.exe', 'vms': 16.63671875}
{'pid': 676, 'username': None, 'name': 'csrss.exe', 'vms': 2.43359375}
{'pid': 700, 'username': None, 'name': 'fontdrvhost.exe', 'vms': 1.78515625}
{'pid': 788, 'username': None, 'name': 'wininit.exe', 'vms': 1.6171875}
{'pid': 856, 'username': None, 'name': 'WUDFHost.exe', 'vms': 3.97265625}
{'pid': 860, 'username': None, 'name': 'services.exe', 'vms': 6.38671875}
{'pid': 872, 'username': None, 'name': 'lsass.exe', 'vms': 9.1484375}
{'pid': 948, 'username': 'DESKTOP-1SJROOB\\admin', 'name': 'TextInputHost.exe', 'vms': 15.0703125}
{'pid': 980, 'username': 'DESKTOP-1SJROOB\\admin', 'name': 'sihost.exe', 'vms': 6.13671875}
{'pid': 1020, 'username': 'DESKTOP-1SJROOB\\admin', 'name': 'SDXHelper.exe', 'vms': 9.5}
{'pid': 1092, 'username': None, 'name': 'svchost.exe', 'vms': 12.5859375}
{'pid': 1160, 'username': None, 'name': 'svchost.exe', 'vms': 2.55078125}
{'pid': 1244, 'username': 'DESKTOP-1SJROOB\\admin', 'name': 'Code.exe', 'vms': 165.67578125}
{'pid': 1260, 'username': None, 'name': 'svchost.exe', 'vms': 1.71484375}
{'pid': 1280, 'username': None, 'name': 'svchost.exe', 'vms': 6.5546875}
{'pid': 1340, 'username': None, 'name': 'svchost.exe', 'vms': 2.12890625}
{'pid': 1384, 'username': None, 'name': 'svchost.exe', 'vms': 3.0859375}
{'pid': 1388, 'username': None, 'name': 'svchost.exe', 'vms': 1.875}
{'pid': 1404, 'username': None, 'name': 'svchost.exe', 'vms': 1.91796875}
{'pid': 1436, 'username': None, 'name': 'svchost.exe', 'vms': 2.5390625}
{'pid': 1476, 'username': None, 'name': 'svchost.exe', 'vms': 6.08203125}
{'pid': 1540, 'username': None, 'name': 'IntelCpHeciSvc.exe', 'vms': 1.4453125}
{'pid': 1572, 'username': None, 'name': 'svchost.exe', 'vms': 2.18359375}
{'pid': 1640, 'username': None, 'name': 'svchost.exe', 'vms': 2.671875}
{'pid': 1648, 'username': None, 'name': 'svchost.exe', 'vms': 1.83984375}
{'pid': 1672, 'username': None, 'name': 'svchost.exe', 'vms': 1.9921875}
{'pid': 1680, 'username': None, 'name': 'svchost.exe', 'vms': 2.20703125}
{'pid': 1764, 'username': None, 'name': 'IntelCpHDCPSvc.exe', 'vms': 1.39453125}
{'pid': 1820, 'username': None, 'name': 'svchost.exe', 'vms': 4.38671875}
{'pid': 1852, 'username': None, 'name': 'svchost.exe', 'vms': 16.26171875}
{'pid': 1924, 'username': None, 'name': 'audiodg.exe', 'vms': 30.6640625}
{'pid': 1972, 'username': None, 'name': 'svchost.exe', 'vms': 2.30078125}
{'pid': 2016, 'username': None, 'name': 'igfxCUIService.exe', 'vms': 1.77734375}
{'pid': 2052, 'username': 'DESKTOP-1SJROOB\\admin', 'name': 'msedge.exe', 'vms': 11.9609375}
{'pid': 2096, 'username': None, 'name': 'svchost.exe', 'vms': 5.5625}
{'pid': 2148, 'username': None, 'name': 'svchost.exe', 'vms': 7.5234375}
{'pid': 2168, 'username': None, 'name': 'svchost.exe', 'vms': 2.5078125}
{'pid': 2176, 'username': None, 'name': 'svchost.exe', 'vms': 1.8828125}
{'pid': 2288, 'username': 'DESKTOP-1SJROOB\\admin', 'name': 'chrome.exe', 'vms': 25.015625}
{'pid': 2304, 'username': 'DESKTOP-1SJROOB\\admin', 'name': 'ApplicationFrameHost.exe', 'vms': 11.68359375}
{'pid': 2336, 'username': None, 'name': 'svchost.exe', 'vms': 3.19921875}
{'pid': 2376, 'username': None, 'name': 'svchost.exe', 'vms': 4.109375}
{'pid': 2396, 'username': None, 'name': 'atiesrxx.exe', 'vms': 1.4375}
{'pid': 2428, 'username': None, 'name': 'svchost.exe', 'vms': 5.3125}
{'pid': 2436, 'username': None, 'name': 'svchost.exe', 'vms': 1.796875}
{'pid': 2440, 'username': None, 'name': 'svchost.exe', 'vms': 26.80859375}
{'pid': 2496, 'username': None, 'name': 'svchost.exe', 'vms': 6.91015625}
{'pid': 2512, 'username': None, 'name': 'svchost.exe', 'vms': 1.80859375}
{'pid': 2544, 'username': None, 'name': 'PresentationFontCache.exe', 'vms': 23.65625}
{'pid': 2604, 'username': None, 'name': 'svchost.exe', 'vms': 3.9921875}
{'pid': 2664, 'username': None, 'name': 'svchost.exe', 'vms': 3.07421875}
{'pid': 2668, 'username': None, 'name': 'svchost.exe', 'vms': 1.296875}
{'pid': 2692, 'username': 'DESKTOP-1SJROOB\\admin', 'name': 'backgroundTaskHost.exe', 'vms': 5.12890625}
{'pid': 2724, 'username': None, 'name': 'svchost.exe', 'vms': 3.7890625}
{'pid': 2784, 'username': None, 'name': 'svchost.exe', 'vms': 1.953125}
{'pid': 2792, 'username': None, 'name': 'svchost.exe', 'vms': 2.2890625}
{'pid': 2832, 'username': None, 'name': 'svchost.exe', 'vms': 2.09765625}
{'pid': 2864, 'username': None, 'name': 'SgrmBroker.exe', 'vms': 4.6328125}
{'pid': 2896, 'username': None, 'name': 'MemCompression', 'vms': 0.6796875}
{'pid': 2944, 'username': None, 'name': 'dasHost.exe', 'vms': 4.62109375}
{'pid': 3084, 'username': 'DESKTOP-1SJROOB\\admin', 'name': 'RuntimeBroker.exe', 'vms': 3.08984375}
{'pid': 3088, 'username': 'DESKTOP-1SJROOB\\admin', 'name': 'smartscreen.exe', 'vms': 7.640625}
{'pid': 3116, 'username': None, 'name': 'svchost.exe', 'vms': 7.1171875}
{'pid': 3132, 'username': None, 'name': 'svchost.exe', 'vms': 2.15234375}
{'pid': 3148, 'username': None, 'name': 'SearchFilterHost.exe', 'vms': 1.47265625}
{'pid': 3156, 'username': None, 'name': 'RtkAudioService64.exe', 'vms': 1.9140625}
{'pid': 3184, 'username': None, 'name': 'svchost.exe', 'vms': 11.03515625}
{'pid': 3208, 'username': None, 'name': 'svchost.exe', 'vms': 2.1640625}
{'pid': 3304, 'username': None, 'name': 'svchost.exe', 'vms': 3.80859375}
{'pid': 3340, 'username': None, 'name': 'csrss.exe', 'vms': 2.59765625}
{'pid': 3376, 'username': None, 'name': 'svchost.exe', 'vms': 37.16015625}
{'pid': 3460, 'username': None, 'name': 'svchost.exe', 'vms': 2.875}
{'pid': 3468, 'username': None, 'name': 'svchost.exe', 'vms': 2.8515625}
{'pid': 3512, 'username': 'DESKTOP-1SJROOB\\admin', 'name': 'chrome.exe', 'vms': 6.484375}
{'pid': 3672, 'username': None, 'name': 'svchost.exe', 'vms': 2.41796875}
{'pid': 3744, 'username': None, 'name': 'svchost.exe', 'vms': 6.41015625}
{'pid': 3808, 'username': None, 'name': 'dasHost.exe', 'vms': 0.93359375}
{'pid': 3840, 'username': None, 'name': 'svchost.exe', 'vms': 4.7109375}
{'pid': 3888, 'username': None, 'name': 'spoolsv.exe', 'vms': 12.78125}
{'pid': 3924, 'username': None, 'name': 'svchost.exe', 'vms': 11.75390625}
{'pid': 3952, 'username': None, 'name': 'svchost.exe', 'vms': 1.8671875}
{'pid': 4024, 'username': None, 'name': 'svchost.exe', 'vms': 3.78515625}
{'pid': 4036, 'username': None, 'name': 'svchost.exe', 'vms': 10.74609375}
{'pid': 4108, 'username': None, 'name': 'svchost.exe', 'vms': 1.50390625}
{'pid': 4160, 'username': None, 'name': 'svchost.exe', 'vms': 1.453125}
{'pid': 4208, 'username': None, 'name': 'svchost.exe', 'vms': 1.38671875}
{'pid': 4220, 'username': None, 'name': 'QcomWlanSrvx64.exe', 'vms': 1.30859375}
{'pid': 4228, 'username': None, 'name': 'svchost.exe', 'vms': 5.00390625}
{'pid': 4236, 'username': None, 'name': 'esif_uf.exe', 'vms': 1.78125}
{'pid': 4244, 'username': None, 'name': 'svchost.exe', 'vms': 4.25390625}
{'pid': 4248, 'username': None, 'name': 'dwm.exe', 'vms': 59.09375}
{'pid': 4252, 'username': None, 'name': 'AdminService.exe', 'vms': 2.22265625}
{'pid': 4280, 'username': None, 'name': 'OneApp.IGCC.WinService.exe', 'vms': 36.1875}
{'pid': 4296, 'username': None, 'name': 'shareitservice.exe', 'vms': 19.2421875}
{'pid': 4304, 'username': None, 'name': 'armsvc.exe', 'vms': 1.56640625}
{'pid': 4312, 'username': None, 'name': 'SynTPEnhService.exe', 'vms': 1.32421875}
{'pid': 4336, 'username': None, 'name': 'HPPrintScanDoctorService.exe', 'vms': 1.546875}
{'pid': 4388, 'username': None, 'name': 'WavesSysSvc64.exe', 'vms': 3.77734375}
{'pid': 4416, 'username': None, 'name': 'svchost.exe', 'vms': 3.125}
{'pid': 4476, 'username': None, 'name': 'WMIRegistrationService.exe', 'vms': 2.49609375}
{'pid': 4500, 'username': None, 'name': 'svchost.exe', 'vms': 2.98828125}
{'pid': 4520, 'username': None, 'name': 'svchost.exe', 'vms': 1.328125}
{'pid': 4628, 'username': None, 'name': 'svchost.exe', 'vms': 2.30078125}
{'pid': 4644, 'username': None, 'name': 'MoUsoCoreWorker.exe', 'vms': 12.63671875}
{'pid': 4688, 'username': None, 'name': 'LMS.exe', 'vms': 2.953125}
{'pid': 4752, 'username': None, 'name': 'svchost.exe', 'vms': 3.46484375}
{'pid': 4780, 'username': None, 'name': 'svchost.exe', 'vms': 2.8515625}
{'pid': 4996, 'username': None, 'name': 'jhi_service.exe', 'vms': 1.2734375}
{'pid': 5204, 'username': None, 'name': 'GoogleCrashHandler.exe', 'vms': 1.5625}
{'pid': 5260, 'username': 'DESKTOP-1SJROOB\\admin', 'name': 'Code.exe', 'vms': 26.65625}
{'pid': 5276, 'username': 'DESKTOP-1SJROOB\\admin', 'name': 'RAVBg64.exe', 'vms': 4.140625}
{'pid': 5424, 'username': 'DESKTOP-1SJROOB\\admin', 'name': 'LocationNotificationWindows.exe', 'vms': 1.47265625}
{'pid': 5516, 'username': None, 'name': 'svchost.exe', 'vms': 1.515625}
{'pid': 5604, 'username': None, 'name': 'svchost.exe', 'vms': 3.046875}
{'pid': 5892, 'username': 'DESKTOP-1SJROOB\\admin', 'name': 'python.exe', 'vms': 15.3515625}
{'pid': 5924, 'username': 'DESKTOP-1SJROOB\\admin', 'name': 'explorer.exe', 'vms': 110.76171875}
{'pid': 6012, 'username': None, 'name': 'dllhost.exe', 'vms': 3.61328125}
{'pid': 6216, 'username': 'DESKTOP-1SJROOB\\admin', 'name': 'chrome.exe', 'vms': 27.36328125}
{'pid': 6224, 'username': None, 'name': 'svchost.exe', 'vms': 5.8828125}
{'pid': 6280, 'username': 'DESKTOP-1SJROOB\\admin', 'name': 'svchost.exe', 'vms': 5.30078125}
{'pid': 6292, 'username': 'DESKTOP-1SJROOB\\admin', 'name': 'taskhostw.exe', 'vms': 7.6015625}
{'pid': 6324, 'username': None, 'name': 'svchost.exe', 'vms': 6.01171875}
{'pid': 6360, 'username': 'DESKTOP-1SJROOB\\admin', 'name': 'chrome.exe', 'vms': 102.32421875}
{'pid': 6404, 'username': None, 'name': 'svchost.exe', 'vms': 2.37109375}
{'pid': 6420, 'username': None, 'name': 'svchost.exe', 'vms': 4.5390625}
{'pid': 6472, 'username': None, 'name': 'svchost.exe', 'vms': 2.0390625}
{'pid': 6496, 'username': 'DESKTOP-1SJROOB\\admin', 'name': 'RtkNGUI64.exe', 'vms': 4.4375}
{'pid': 6620, 'username': 'DESKTOP-1SJROOB\\admin', 'name': 'backgroundTaskHost.exe', 'vms': 14.28515625}
{'pid': 6624, 'username': 'DESKTOP-1SJROOB\\admin', 'name': 'dptf_helper.exe', 'vms': 1.30859375}
{'pid': 6628, 'username': 'DESKTOP-1SJROOB\\admin', 'name': 'Zoom.exe', 'vms': 388.92578125}
{'pid': 6744, 'username': None, 'name': 'svchost.exe', 'vms': 2.37890625}
{'pid': 6788, 'username': None, 'name': 'svchost.exe', 'vms': 2.88671875}
{'pid': 6804, 'username': 'DESKTOP-1SJROOB\\admin', 'name': 'SystemSettings.exe', 'vms': 26.44921875}
{'pid': 6916, 'username': 'DESKTOP-1SJROOB\\admin', 'name': 'StartMenuExperienceHost.exe', 'vms': 27.78125}
{'pid': 7092, 'username': None, 'name': 'GoogleCrashHandler64.exe', 'vms': 1.5703125}
{'pid': 7400, 'username': 'DESKTOP-1SJROOB\\admin', 'name': 'RuntimeBroker.exe', 'vms': 1.78515625}
{'pid': 7416, 'username': None, 'name': 'RAVBg64.exe', 'vms': 5.7578125}
{'pid': 7492, 'username': 'DESKTOP-1SJROOB\\admin', 'name': 'chrome.exe', 'vms': 13.25390625}
{'pid': 7568, 'username': None, 'name': 'NisSrv.exe', 'vms': 4.18359375}
{'pid': 7616, 'username': None, 'name': 'svchost.exe', 'vms': 7.421875}
{'pid': 7624, 'username': 'DESKTOP-1SJROOB\\admin', 'name': 'UserOOBEBroker.exe', 'vms': 2.0546875}
{'pid': 7628, 'username': None, 'name': 'SearchIndexer.exe', 'vms': 34.14453125}
{'pid': 7696, 'username': 'DESKTOP-1SJROOB\\admin', 'name': 'CodeSetup-stable-e7e037083ff4455cf320e344325dacb480062c3c.tmp', 'vms': 21.953125}
{'pid': 7736, 'username': 'DESKTOP-1SJROOB\\admin', 'name': 'Zoom.exe', 'vms': 88.0234375}
{'pid': 7924, 'username': 'DESKTOP-1SJROOB\\admin', 'name': 'SecurityHealthSystray.exe', 'vms': 1.65234375}
{'pid': 7932, 'username': None, 'name': 'OfficeClickToRun.exe', 'vms': 50.44921875}
{'pid': 8028, 'username': 'DESKTOP-1SJROOB\\admin', 'name': 'backgroundTaskHost.exe', 'vms': 2.83203125}
{'pid': 8276, 'username': 'DESKTOP-1SJROOB\\admin', 'name': 'msedge.exe', 'vms': 52.44140625}
{'pid': 8384, 'username': 'DESKTOP-1SJROOB\\admin', 'name': 'RuntimeBroker.exe', 'vms': 8.81640625}
{'pid': 8432, 'username': 'DESKTOP-1SJROOB\\admin', 'name': 'ctfmon.exe', 'vms': 4.3984375}
{'pid': 8480, 'username': 'DESKTOP-1SJROOB\\admin', 'name': 'msedge.exe', 'vms': 24.17578125}
{'pid': 8532, 'username': 'DESKTOP-1SJROOB\\admin', 'name': 'RuntimeBroker.exe', 'vms': 4.56640625}
{'pid': 8596, 'username': 'DESKTOP-1SJROOB\\admin', 'name': 'Code.exe', 'vms': 12.15234375}
{'pid': 8600, 'username': None, 'name': 'svchost.exe', 'vms': 11.796875}
{'pid': 8840, 'username': 'DESKTOP-1SJROOB\\admin', 'name': 'CptHost.exe', 'vms': 6.8984375}
{'pid': 9060, 'username': None, 'name': 'SecurityHealthService.exe', 'vms': 5.57421875}
{'pid': 9280, 'username': 'DESKTOP-1SJROOB\\admin', 'name': 'msedge.exe', 'vms': 6.44921875}
{'pid': 9408, 'username': None, 'name': 'svchost.exe', 'vms': 1.59765625}
{'pid': 9424, 'username': 'DESKTOP-1SJROOB\\admin', 'name': 'taskhostw.exe', 'vms': 3.23828125}
{'pid': 9468, 'username': 'DESKTOP-1SJROOB\\admin', 'name': 'Code.exe', 'vms': 52.9375}
{'pid': 9488, 'username': 'DESKTOP-1SJROOB\\admin', 'name': 'Code.exe', 'vms': 22.359375}
{'pid': 9580, 'username': 'DESKTOP-1SJROOB\\admin', 'name': 'cmd.exe', 'vms': 2.41015625}
{'pid': 9624, 'username': 'DESKTOP-1SJROOB\\admin', 'name': 'Code.exe', 'vms': 43.59375}
{'pid': 9768, 'username': 'DESKTOP-1SJROOB\\admin', 'name': 'svchost.exe', 'vms': 9.9609375}
{'pid': 9884, 'username': 'DESKTOP-1SJROOB\\admin', 'name': 'backgroundTaskHost.exe', 'vms': 6.98828125}
{'pid': 10336, 'username': 'DESKTOP-1SJROOB\\admin', 'name': 'SynTPHelper.exe', 'vms': 1.02734375}
{'pid': 10376, 'username': None, 'name': 'fontdrvhost.exe', 'vms': 2.828125}
{'pid': 10408, 'username': None, 'name': 'MsMpEng.exe', 'vms': 352.04296875}
{'pid': 10544, 'username': 'DESKTOP-1SJROOB\\admin', 'name': 'conhost.exe', 'vms': 6.77734375}
{'pid': 10620, 'username': 'DESKTOP-1SJROOB\\admin', 'name': 'msedge.exe', 'vms': 1.9921875}
{'pid': 10636, 'username': 'DESKTOP-1SJROOB\\admin', 'name': 'Code.exe', 'vms': 10.46875}
{'pid': 10972, 'username': 'DESKTOP-1SJROOB\\admin', 'name': 'WavesSvc64.exe', 'vms': 15.5}
{'pid': 11128, 'username': None, 'name': 'SearchProtocolHost.exe', 'vms': 2.30078125}
{'pid': 11164, 'username': 'DESKTOP-1SJROOB\\admin', 'name': 'RuntimeBroker.exe', 'vms': 6.11328125}
{'pid': 11424, 'username': 'DESKTOP-1SJROOB\\admin', 'name': 'FileCoAuth.exe', 'vms': 4.3828125}
{'pid': 11724, 'username': 'DESKTOP-1SJROOB\\admin', 'name': 'svchost.exe', 'vms': 10.05859375}
{'pid': 11796, 'username': 'DESKTOP-1SJROOB\\admin', 'name': 'chrome.exe', 'vms': 143.828125}
{'pid': 11816, 'username': 'DESKTOP-1SJROOB\\admin', 'name': 'CodeSetup-stable-e7e037083ff4455cf320e344325dacb480062c3c.exe', 'vms': 7.04296875}
{'pid': 12084, 'username': 'DESKTOP-1SJROOB\\admin', 'name': 'svchost.exe', 'vms': 3.69140625}
{'pid': 12104, 'username': 'DESKTOP-1SJROOB\\admin', 'name': 'OneDrive.exe', 'vms': 43.7578125}
{'pid': 12116, 'username': None, 'name': 'winlogon.exe', 'vms': 2.640625}
{'pid': 12124, 'username': 'DESKTOP-1SJROOB\\admin', 'name': 'chrome.exe', 'vms': 132.88671875}
{'pid': 12148, 'username': 'DESKTOP-1SJROOB\\admin', 'name': 'igfxEM.exe', 'vms': 3.62890625}
{'pid': 12192, 'username': 'DESKTOP-1SJROOB\\admin', 'name': 'RuntimeBroker.exe', 'vms': 8.57421875}
{'pid': 12372, 'username': 'DESKTOP-1SJROOB\\admin', 'name': 'chrome.exe', 'vms': 148.2890625}
{'pid': 12468, 'username': 'DESKTOP-1SJROOB\\admin', 'name': 'Code.exe', 'vms': 71.05859375}
{'pid': 12536, 'username': None, 'name': 'svchost.exe', 'vms': 4.2578125}
{'pid': 12868, 'username': 'DESKTOP-1SJROOB\\admin', 'name': 'chrome.exe', 'vms': 64.8671875}
{'pid': 12872, 'username': 'DESKTOP-1SJROOB\\admin', 'name': 'SynTPEnh.exe', 'vms': 5.92578125}
{'pid': 12884, 'username': 'DESKTOP-1SJROOB\\admin', 'name': 'dllhost.exe', 'vms': 3.9765625}
{'pid': 12948, 'username': 'DESKTOP-1SJROOB\\admin', 'name': 'chrome.exe', 'vms': 11.69921875}
{'pid': 13144, 'username': 'DESKTOP-1SJROOB\\admin', 'name': 'SearchApp.exe', 'vms': 132.15625}
{'pid': 13724, 'username': 'DESKTOP-1SJROOB\\admin', 'name': 'svchost.exe', 'vms': 1.6015625}
{'pid': 13756, 'username': None, 'name': 'svchost.exe', 'vms': 1.22265625}
{'pid': 14192, 'username': 'DESKTOP-1SJROOB\\admin', 'name': 'RuntimeBroker.exe', 'vms': 4.51953125}
