--------------------------------------------------------------------------------
Process Logger:
--------------------------------------------------------------------------------

{'name': 'System Idle Process', 'username': 'NT AUTHORITY\\SYSTEM', 'pid': 0, 'vms': 0.05859375}
{'name': 'System', 'username': 'NT AUTHORITY\\SYSTEM', 'pid': 4, 'vms': 0.22265625}
{'name': 'Registry', 'username': None, 'pid': 100, 'vms': 7.828125}
{'name': 'smss.exe', 'username': None, 'pid': 436, 'vms': 1.05078125}
{'name': 'svchost.exe', 'username': None, 'pid': 476, 'vms': 18.984375}
{'name': 'fontdrvhost.exe', 'username': None, 'pid': 572, 'vms': 1.421875}
{'name': 'Code.exe', 'username': 'VAIBHAVPATIL\\admin', 'pid': 624, 'vms': 160.0234375}
{'name': 'csrss.exe', 'username': None, 'pid': 676, 'vms': 2.3203125}
{'name': 'wininit.exe', 'username': None, 'pid': 808, 'vms': 1.5703125}
{'name': 'services.exe', 'username': None, 'pid': 864, 'vms': 6.5703125}
{'name': 'lsass.exe', 'username': None, 'pid': 872, 'vms': 10.2890625}
{'name': 'WUDFHost.exe', 'username': None, 'pid': 992, 'vms': 3.93359375}
{'name': 'svchost.exe', 'username': None, 'pid': 1092, 'vms': 13.046875}
{'name': 'svchost.exe', 'username': None, 'pid': 1164, 'vms': 2.7890625}
{'name': 'svchost.exe', 'username': None, 'pid': 1236, 'vms': 2.27734375}
{'name': 'RuntimeBroker.exe', 'username': 'VAIBHAVPATIL\\admin', 'pid': 1256, 'vms': 7.390625}
{'name': 'svchost.exe', 'username': None, 'pid': 1356, 'vms': 2.2421875}
{'name': 'python.exe', 'username': 'VAIBHAVPATIL\\admin', 'pid': 1372, 'vms': 16.5703125}
{'name': 'svchost.exe', 'username': None, 'pid': 1408, 'vms': 2.0234375}
{'name': 'svchost.exe', 'username': None, 'pid': 1412, 'vms': 3.16015625}
{'name': 'svchost.exe', 'username': None, 'pid': 1424, 'vms': 1.96484375}
{'name': 'svchost.exe', 'username': None, 'pid': 1520, 'vms': 2.57421875}
{'name': 'svchost.exe', 'username': None, 'pid': 1588, 'vms': 2.3359375}
{'name': 'OneDrive.exe', 'username': 'VAIBHAVPATIL\\admin', 'pid': 1656, 'vms': 53.01171875}
{'name': 'svchost.exe', 'username': None, 'pid': 1668, 'vms': 2.7265625}
{'name': 'svchost.exe', 'username': None, 'pid': 1708, 'vms': 2.3359375}
{'name': 'svchost.exe', 'username': None, 'pid': 1716, 'vms': 1.984375}
{'name': 'svchost.exe', 'username': None, 'pid': 1848, 'vms': 17.40625}
{'name': 'IntelCpHDCPSvc.exe', 'username': None, 'pid': 1864, 'vms': 1.36328125}
{'name': 'svchost.exe', 'username': None, 'pid': 1936, 'vms': 7.328125}
{'name': 'igfxEM.exe', 'username': 'VAIBHAVPATIL\\admin', 'pid': 1948, 'vms': 3.59765625}
{'name': 'svchost.exe', 'username': None, 'pid': 1984, 'vms': 3.203125}
{'name': 'svchost.exe', 'username': None, 'pid': 2072, 'vms': 3.359375}
{'name': 'igfxCUIService.exe', 'username': None, 'pid': 2108, 'vms': 1.74609375}
{'name': 'msedge.exe', 'username': 'VAIBHAVPATIL\\admin', 'pid': 2136, 'vms': 7.6640625}
{'name': 'svchost.exe', 'username': 'VAIBHAVPATIL\\admin', 'pid': 2140, 'vms': 5.69140625}
{'name': 'IntelCpHeciSvc.exe', 'username': None, 'pid': 2224, 'vms': 1.4140625}
{'name': 'svchost.exe', 'username': None, 'pid': 2232, 'vms': 1.984375}
{'name': 'svchost.exe', 'username': None, 'pid': 2284, 'vms': 7.53125}
{'name': 'svchost.exe', 'username': None, 'pid': 2320, 'vms': 3.6796875}
{'name': 'svchost.exe', 'username': None, 'pid': 2344, 'vms': 2.3515625}
{'name': 'TextInputHost.exe', 'username': 'VAIBHAVPATIL\\admin', 'pid': 2544, 'vms': 13.94140625}
{'name': 'svchost.exe', 'username': None, 'pid': 2560, 'vms': 5.046875}
{'name': 'atiesrxx.exe', 'username': None, 'pid': 2600, 'vms': 1.68359375}
{'name': 'svchost.exe', 'username': None, 'pid': 2632, 'vms': 1.69921875}
{'name': 'svchost.exe', 'username': None, 'pid': 2724, 'vms': 1.3125}
{'name': 'svchost.exe', 'username': None, 'pid': 2732, 'vms': 2.8203125}
{'name': 'svchost.exe', 'username': None, 'pid': 2788, 'vms': 2.12109375}
{'name': 'svchost.exe', 'username': None, 'pid': 2796, 'vms': 3.75390625}
{'name': 'svchost.exe', 'username': None, 'pid': 2804, 'vms': 2.49609375}
{'name': 'RtkNGUI64.exe', 'username': 'VAIBHAVPATIL\\admin', 'pid': 2844, 'vms': 4.5234375}
{'name': 'svchost.exe', 'username': None, 'pid': 2928, 'vms': 4.1171875}
{'name': 'ShellExperienceHost.exe', 'username': 'VAIBHAVPATIL\\admin', 'pid': 2936, 'vms': 31.7421875}
{'name': 'SynTPEnh.exe', 'username': 'VAIBHAVPATIL\\admin', 'pid': 2960, 'vms': 6.0859375}
{'name': 'MemCompression', 'username': None, 'pid': 3020, 'vms': 0.69140625}
{'name': 'svchost.exe', 'username': None, 'pid': 3088, 'vms': 3.78515625}
{'name': 'svchost.exe', 'username': None, 'pid': 3136, 'vms': 4.15625}
{'name': 'dasHost.exe', 'username': None, 'pid': 3160, 'vms': 5.4921875}
{'name': 'svchost.exe', 'username': None, 'pid': 3176, 'vms': 12.515625}
{'name': 'svchost.exe', 'username': None, 'pid': 3332, 'vms': 2.35546875}
{'name': 'RtkAudioService64.exe', 'username': None, 'pid': 3376, 'vms': 1.80078125}
{'name': 'svchost.exe', 'username': None, 'pid': 3392, 'vms': 1.4375}
{'name': 'svchost.exe', 'username': None, 'pid': 3524, 'vms': 3.09765625}
{'name': 'svchost.exe', 'username': None, 'pid': 3528, 'vms': 2.68359375}
{'name': 'svchost.exe', 'username': None, 'pid': 3540, 'vms': 4.1796875}
{'name': 'svchost.exe', 'username': None, 'pid': 3668, 'vms': 2.51171875}
{'name': 'dasHost.exe', 'username': None, 'pid': 3872, 'vms': 1.484375}
{'name': 'svchost.exe', 'username': None, 'pid': 3924, 'vms': 7.20703125}
{'name': 'svchost.exe', 'username': None, 'pid': 3952, 'vms': 4.03515625}
{'name': 'spoolsv.exe', 'username': None, 'pid': 4004, 'vms': 6.5859375}
{'name': 'svchost.exe', 'username': None, 'pid': 4012, 'vms': 4.84765625}
{'name': 'svchost.exe', 'username': None, 'pid': 4056, 'vms': 11.94140625}
{'name': 'svchost.exe', 'username': None, 'pid': 4088, 'vms': 1.96484375}
{'name': 'svchost.exe', 'username': None, 'pid': 4268, 'vms': 28.38671875}
{'name': 'svchost.exe', 'username': None, 'pid': 4272, 'vms': 10.37109375}
{'name': 'svchost.exe', 'username': None, 'pid': 4288, 'vms': 25.1171875}
{'name': 'svchost.exe', 'username': None, 'pid': 4336, 'vms': 10.55078125}
{'name': 'NisSrv.exe', 'username': None, 'pid': 4356, 'vms': 4.78515625}
{'name': 'AdminService.exe', 'username': None, 'pid': 4364, 'vms': 2.28515625}
{'name': 'esif_uf.exe', 'username': None, 'pid': 4400, 'vms': 1.79296875}
{'name': 'svchost.exe', 'username': None, 'pid': 4416, 'vms': 1.58984375}
{'name': 'svchost.exe', 'username': None, 'pid': 4444, 'vms': 1.45703125}
{'name': 'svchost.exe', 'username': None, 'pid': 4464, 'vms': 5.2734375}
{'name': 'svchost.exe', 'username': None, 'pid': 4472, 'vms': 2.7265625}
{'name': 'OneApp.IGCC.WinService.exe', 'username': None, 'pid': 4568, 'vms': 35.8359375}
{'name': 'QcomWlanSrvx64.exe', 'username': None, 'pid': 4576, 'vms': 1.3203125}
{'name': 'HPPrintScanDoctorService.exe', 'username': None, 'pid': 4588, 'vms': 4.7734375}
{'name': 'msedge.exe', 'username': 'VAIBHAVPATIL\\admin', 'pid': 4600, 'vms': 2.0078125}
{'name': 'SecurityHealthSystray.exe', 'username': 'VAIBHAVPATIL\\admin', 'pid': 4604, 'vms': 1.671875}
{'name': 'RuntimeBroker.exe', 'username': 'VAIBHAVPATIL\\admin', 'pid': 4608, 'vms': 4.59375}
{'name': 'SynTPEnhService.exe', 'username': None, 'pid': 4620, 'vms': 1.34765625}
{'name': 'WavesSysSvc64.exe', 'username': None, 'pid': 4628, 'vms': 2.3515625}
{'name': 'shareitservice.exe', 'username': None, 'pid': 4636, 'vms': 18.7421875}
{'name': 'WMIRegistrationService.exe', 'username': None, 'pid': 4676, 'vms': 2.54296875}
{'name': 'svchost.exe', 'username': None, 'pid': 4704, 'vms': 1.328125}
{'name': 'svchost.exe', 'username': None, 'pid': 4792, 'vms': 15.14453125}
{'name': 'svchost.exe', 'username': None, 'pid': 4880, 'vms': 2.26171875}
{'name': 'LMS.exe', 'username': None, 'pid': 4912, 'vms': 2.8125}
{'name': 'svchost.exe', 'username': None, 'pid': 4984, 'vms': 4.890625}
{'name': 'svchost.exe', 'username': None, 'pid': 5012, 'vms': 3.5703125}
{'name': 'svchost.exe', 'username': None, 'pid': 5044, 'vms': 2.93359375}
{'name': 'SearchApp.exe', 'username': 'VAIBHAVPATIL\\admin', 'pid': 5124, 'vms': 164.49609375}
{'name': 'jhi_service.exe', 'username': None, 'pid': 5128, 'vms': 1.2890625}
{'name': 'RAVBg64.exe', 'username': 'VAIBHAVPATIL\\admin', 'pid': 5172, 'vms': 4.21484375}
{'name': 'CodeSetup-stable-863d2581ecda6849923a2118d93a088b0745d9d6.tmp', 'username': 'VAIBHAVPATIL\\admin', 'pid': 5424, 'vms': 23.28125}
{'name': 'svchost.exe', 'username': None, 'pid': 5444, 'vms': 9.51953125}
{'name': 'dllhost.exe', 'username': None, 'pid': 5712, 'vms': 4.0703125}
{'name': 'AggregatorHost.exe', 'username': None, 'pid': 5852, 'vms': 2.1796875}
{'name': 'Code.exe', 'username': 'VAIBHAVPATIL\\admin', 'pid': 5924, 'vms': 35.3828125}
{'name': 'svchost.exe', 'username': None, 'pid': 5984, 'vms': 6.09375}
{'name': 'conhost.exe', 'username': 'VAIBHAVPATIL\\admin', 'pid': 5992, 'vms': 7.51171875}
{'name': 'svchost.exe', 'username': None, 'pid': 6220, 'vms': 1.60546875}
{'name': 'svchost.exe', 'username': None, 'pid': 6356, 'vms': 1.25390625}
{'name': 'svchost.exe', 'username': None, 'pid': 6384, 'vms': 3.046875}
{'name': 'atieclxx.exe', 'username': None, 'pid': 6556, 'vms': 2.4609375}
{'name': 'svchost.exe', 'username': None, 'pid': 6988, 'vms': 2.14453125}
{'name': 'dwm.exe', 'username': None, 'pid': 7160, 'vms': 64.2578125}
{'name': 'WavesSvc64.exe', 'username': 'VAIBHAVPATIL\\admin', 'pid': 7184, 'vms': 15.5546875}
{'name': 'WmiPrvSE.exe', 'username': None, 'pid': 7188, 'vms': 3.90625}
{'name': 'msedge.exe', 'username': 'VAIBHAVPATIL\\admin', 'pid': 7416, 'vms': 25.1640625}
{'name': 'taskhostw.exe', 'username': 'VAIBHAVPATIL\\admin', 'pid': 7428, 'vms': 29.08984375}
{'name': 'UserOOBEBroker.exe', 'username': 'VAIBHAVPATIL\\admin', 'pid': 7576, 'vms': 2.12109375}
{'name': 'svchost.exe', 'username': None, 'pid': 7724, 'vms': 2.078125}
{'name': 'svchost.exe', 'username': None, 'pid': 7804, 'vms': 2.2734375}
{'name': 'Code.exe', 'username': 'VAIBHAVPATIL\\admin', 'pid': 7824, 'vms': 10.46875}
{'name': 'PresentationFontCache.exe', 'username': None, 'pid': 8012, 'vms': 23.6875}
{'name': 'SgrmBroker.exe', 'username': None, 'pid': 8040, 'vms': 5.44921875}
{'name': 'msedge.exe', 'username': 'VAIBHAVPATIL\\admin', 'pid': 8116, 'vms': 11.58984375}
{'name': 'svchost.exe', 'username': None, 'pid': 8128, 'vms': 8.4296875}
{'name': 'AppVShNotify.exe', 'username': 'VAIBHAVPATIL\\admin', 'pid': 8144, 'vms': 1.8203125}
{'name': 'svchost.exe', 'username': None, 'pid': 8188, 'vms': 1.79296875}
{'name': 'dllhost.exe', 'username': 'VAIBHAVPATIL\\admin', 'pid': 8288, 'vms': 4.25}
{'name': 'cmd.exe', 'username': 'VAIBHAVPATIL\\admin', 'pid': 8328, 'vms': 4.61328125}
{'name': 'ApplicationFrameHost.exe', 'username': 'VAIBHAVPATIL\\admin', 'pid': 8412, 'vms': 10.94140625}
{'name': 'SystemSettingsBroker.exe', 'username': 'VAIBHAVPATIL\\admin', 'pid': 8496, 'vms': 6.8203125}
{'name': 'MoUsoCoreWorker.exe', 'username': None, 'pid': 8580, 'vms': 39.08984375}
{'name': 'svchost.exe', 'username': None, 'pid': 8680, 'vms': 7.82421875}
{'name': 'ctfmon.exe', 'username': 'VAIBHAVPATIL\\admin', 'pid': 8780, 'vms': 4.17578125}
{'name': 'RuntimeBroker.exe', 'username': 'VAIBHAVPATIL\\admin', 'pid': 9080, 'vms': 5.55078125}
{'name': 'Code.exe', 'username': 'VAIBHAVPATIL\\admin', 'pid': 9404, 'vms': 86.94921875}
{'name': 'svchost.exe', 'username': None, 'pid': 9556, 'vms': 1.78515625}
{'name': 'svchost.exe', 'username': None, 'pid': 9596, 'vms': 1.74609375}
{'name': 'RuntimeBroker.exe', 'username': 'VAIBHAVPATIL\\admin', 'pid': 9608, 'vms': 11.5625}
{'name': 'Code.exe', 'username': 'VAIBHAVPATIL\\admin', 'pid': 9688, 'vms': 151.2109375}
{'name': 'svchost.exe', 'username': None, 'pid': 9844, 'vms': 5.71875}
{'name': 'svchost.exe', 'username': 'VAIBHAVPATIL\\admin', 'pid': 9964, 'vms': 11.34375}
{'name': 'SecurityHealthService.exe', 'username': None, 'pid': 10108, 'vms': 6.0234375}
{'name': 'armsvc.exe', 'username': None, 'pid': 10320, 'vms': 1.578125}
{'name': 'svchost.exe', 'username': None, 'pid': 10376, 'vms': 2.87109375}
{'name': 'svchost.exe', 'username': 'VAIBHAVPATIL\\admin', 'pid': 10380, 'vms': 1.76953125}
{'name': 'csrss.exe', 'username': None, 'pid': 10908, 'vms': 2.7109375}
{'name': 'taskhostw.exe', 'username': 'VAIBHAVPATIL\\admin', 'pid': 10948, 'vms': 10.4296875}
{'name': 'smartscreen.exe', 'username': 'VAIBHAVPATIL\\admin', 'pid': 11004, 'vms': 7.58203125}
{'name': 'SynTPHelper.exe', 'username': 'VAIBHAVPATIL\\admin', 'pid': 11020, 'vms': 1.0625}
{'name': 'Code.exe', 'username': 'VAIBHAVPATIL\\admin', 'pid': 11084, 'vms': 20.38671875}
{'name': 'SystemSettings.exe', 'username': 'VAIBHAVPATIL\\admin', 'pid': 11240, 'vms': 27.84375}
{'name': 'CodeSetup-stable-863d2581ecda6849923a2118d93a088b0745d9d6.exe', 'username': 'VAIBHAVPATIL\\admin', 'pid': 11632, 'vms': 7.0546875}
{'name': 'SearchProtocolHost.exe', 'username': 'VAIBHAVPATIL\\admin', 'pid': 11884, 'vms': 1.765625}
{'name': 'SearchIndexer.exe', 'username': None, 'pid': 11964, 'vms': 30.51171875}
{'name': 'dptf_helper.exe', 'username': 'VAIBHAVPATIL\\admin', 'pid': 12132, 'vms': 1.28515625}
{'name': 'crashpad_handler.exe', 'username': 'VAIBHAVPATIL\\admin', 'pid': 12236, 'vms': 1.44140625}
{'name': 'OfficeClickToRun.exe', 'username': None, 'pid': 12244, 'vms': 47.94140625}
{'name': 'svchost.exe', 'username': None, 'pid': 12548, 'vms': 4.35546875}
{'name': 'SearchProtocolHost.exe', 'username': None, 'pid': 12692, 'vms': 2.4375}
{'name': 'Code.exe', 'username': 'VAIBHAVPATIL\\admin', 'pid': 12772, 'vms': 56.11328125}
{'name': 'explorer.exe', 'username': 'VAIBHAVPATIL\\admin', 'pid': 13332, 'vms': 89.80859375}
{'name': 'StartMenuExperienceHost.exe', 'username': 'VAIBHAVPATIL\\admin', 'pid': 13388, 'vms': 22.578125}
{'name': 'Code.exe', 'username': 'VAIBHAVPATIL\\admin', 'pid': 13436, 'vms': 60.51171875}
{'name': 'svchost.exe', 'username': None, 'pid': 13676, 'vms': 6.34375}
{'name': 'svchost.exe', 'username': None, 'pid': 13704, 'vms': 1.8203125}
{'name': 'svchost.exe', 'username': 'VAIBHAVPATIL\\admin', 'pid': 13988, 'vms': 1.671875}
{'name': 'msedge.exe', 'username': 'VAIBHAVPATIL\\admin', 'pid': 14024, 'vms': 58.20703125}
{'name': 'RAVBg64.exe', 'username': None, 'pid': 14184, 'vms': 5.8046875}
{'name': 'Code.exe', 'username': 'VAIBHAVPATIL\\admin', 'pid': 14408, 'vms': 12.80078125}
{'name': 'nearby_share.exe', 'username': 'VAIBHAVPATIL\\admin', 'pid': 14540, 'vms': 68.375}
{'name': 'RuntimeBroker.exe', 'username': 'VAIBHAVPATIL\\admin', 'pid': 14664, 'vms': 2.9140625}
{'name': 'svchost.exe', 'username': None, 'pid': 15224, 'vms': 2.08203125}
{'name': 'fontdrvhost.exe', 'username': None, 'pid': 15252, 'vms': 2.81640625}
{'name': 'svchost.exe', 'username': None, 'pid': 15484, 'vms': 9.54296875}
{'name': 'MsMpEng.exe', 'username': None, 'pid': 15504, 'vms': 321.01171875}
{'name': 'svchost.exe', 'username': 'VAIBHAVPATIL\\admin', 'pid': 15716, 'vms': 3.44140625}
{'name': 'svchost.exe', 'username': 'VAIBHAVPATIL\\admin', 'pid': 15752, 'vms': 9.81640625}
{'name': 'Taskmgr.exe', 'username': 'VAIBHAVPATIL\\admin', 'pid': 15880, 'vms': 31.04296875}
{'name': 'MicrosoftEdgeUpdate.exe', 'username': None, 'pid': 15900, 'vms': 1.88671875}
{'name': 'sihost.exe', 'username': 'VAIBHAVPATIL\\admin', 'pid': 15984, 'vms': 10.109375}
{'name': 'svchost.exe', 'username': None, 'pid': 16100, 'vms': 2.5625}
{'name': 'winlogon.exe', 'username': None, 'pid': 16372, 'vms': 2.5390625}
