--------------------------------------------------------------------------------
Process Logger:
--------------------------------------------------------------------------------

{'name': 'System Idle Process', 'pid': 0, 'username': 'NT AUTHORITY\\SYSTEM', 'vms': 0.05859375}
{'name': 'System', 'pid': 4, 'username': 'NT AUTHORITY\\SYSTEM', 'vms': 0.203125}
{'name': 'chrome.exe', 'pid': 32, 'username': 'DESKTOP-1SJROOB\\admin', 'vms': 28.875}
{'name': 'Registry', 'pid': 100, 'username': None, 'vms': 6.82421875}
{'name': 'smss.exe', 'pid': 460, 'username': None, 'vms': 1.04296875}
{'name': 'ShellExperienceHost.exe', 'pid': 468, 'username': 'DESKTOP-1SJROOB\\admin', 'vms': 21.921875}
{'name': 'svchost.exe', 'pid': 520, 'username': None, 'vms': 15.94921875}
{'name': 'csrss.exe', 'pid': 676, 'username': None, 'vms': 2.43359375}
{'name': 'fontdrvhost.exe', 'pid': 700, 'username': None, 'vms': 1.78515625}
{'name': 'wininit.exe', 'pid': 788, 'username': None, 'vms': 1.6171875}
{'name': 'WUDFHost.exe', 'pid': 856, 'username': None, 'vms': 3.9453125}
{'name': 'services.exe', 'pid': 860, 'username': None, 'vms': 6.421875}
{'name': 'lsass.exe', 'pid': 872, 'username': None, 'vms': 9.19140625}
{'name': 'TextInputHost.exe', 'pid': 948, 'username': 'DESKTOP-1SJROOB\\admin', 'vms': 15.078125}
{'name': 'sihost.exe', 'pid': 980, 'username': 'DESKTOP-1SJROOB\\admin', 'vms': 5.90234375}
{'name': 'SDXHelper.exe', 'pid': 1020, 'username': 'DESKTOP-1SJROOB\\admin', 'vms': 9.5}
{'name': 'svchost.exe', 'pid': 1092, 'username': None, 'vms': 12.29296875}
{'name': 'svchost.exe', 'pid': 1160, 'username': None, 'vms': 2.59765625}
{'name': 'Code.exe', 'pid': 1244, 'username': 'DESKTOP-1SJROOB\\admin', 'vms': 153.03125}
{'name': 'svchost.exe', 'pid': 1260, 'username': None, 'vms': 1.71484375}
{'name': 'svchost.exe', 'pid': 1280, 'username': None, 'vms': 6.5546875}
{'name': 'svchost.exe', 'pid': 1340, 'username': None, 'vms': 2.12890625}
{'name': 'svchost.exe', 'pid': 1384, 'username': None, 'vms': 3.2421875}
{'name': 'svchost.exe', 'pid': 1388, 'username': None, 'vms': 1.98046875}
{'name': 'svchost.exe', 'pid': 1404, 'username': None, 'vms': 1.91796875}
{'name': 'svchost.exe', 'pid': 1436, 'username': None, 'vms': 2.58984375}
{'name': 'svchost.exe', 'pid': 1476, 'username': None, 'vms': 6.23828125}
{'name': 'IntelCpHeciSvc.exe', 'pid': 1540, 'username': None, 'vms': 1.4453125}
{'name': 'svchost.exe', 'pid': 1572, 'username': None, 'vms': 2.1015625}
{'name': 'svchost.exe', 'pid': 1640, 'username': None, 'vms': 2.671875}
{'name': 'svchost.exe', 'pid': 1648, 'username': None, 'vms': 1.78515625}
{'name': 'svchost.exe', 'pid': 1672, 'username': None, 'vms': 1.9921875}
{'name': 'svchost.exe', 'pid': 1680, 'username': None, 'vms': 2.20703125}
{'name': 'IntelCpHDCPSvc.exe', 'pid': 1764, 'username': None, 'vms': 1.39453125}
{'name': 'svchost.exe', 'pid': 1820, 'username': None, 'vms': 4.38671875}
{'name': 'svchost.exe', 'pid': 1852, 'username': None, 'vms': 16.09375}
{'name': 'audiodg.exe', 'pid': 1924, 'username': None, 'vms': 30.6640625}
{'name': 'svchost.exe', 'pid': 1972, 'username': None, 'vms': 2.30078125}
{'name': 'igfxCUIService.exe', 'pid': 2016, 'username': None, 'vms': 1.77734375}
{'name': 'msedge.exe', 'pid': 2052, 'username': 'DESKTOP-1SJROOB\\admin', 'vms': 11.921875}
{'name': 'svchost.exe', 'pid': 2096, 'username': None, 'vms': 5.18359375}
{'name': 'svchost.exe', 'pid': 2148, 'username': None, 'vms': 7.51171875}
{'name': 'svchost.exe', 'pid': 2168, 'username': None, 'vms': 2.5078125}
{'name': 'svchost.exe', 'pid': 2176, 'username': None, 'vms': 1.8828125}
{'name': 'chrome.exe', 'pid': 2288, 'username': 'DESKTOP-1SJROOB\\admin', 'vms': 25.015625}
{'name': 'ApplicationFrameHost.exe', 'pid': 2304, 'username': 'DESKTOP-1SJROOB\\admin', 'vms': 11.68359375}
{'name': 'svchost.exe', 'pid': 2336, 'username': None, 'vms': 3.26171875}
{'name': 'svchost.exe', 'pid': 2376, 'username': None, 'vms': 4.05859375}
{'name': 'atiesrxx.exe', 'pid': 2396, 'username': None, 'vms': 1.4375}
{'name': 'svchost.exe', 'pid': 2428, 'username': None, 'vms': 5.3046875}
{'name': 'svchost.exe', 'pid': 2436, 'username': None, 'vms': 1.796875}
{'name': 'svchost.exe', 'pid': 2440, 'username': None, 'vms': 26.78515625}
{'name': 'svchost.exe', 'pid': 2496, 'username': None, 'vms': 6.8515625}
{'name': 'svchost.exe', 'pid': 2512, 'username': None, 'vms': 1.80859375}
{'name': 'PresentationFontCache.exe', 'pid': 2544, 'username': None, 'vms': 23.65625}
{'name': 'svchost.exe', 'pid': 2604, 'username': None, 'vms': 3.71875}
{'name': 'svchost.exe', 'pid': 2664, 'username': None, 'vms': 3.04296875}
{'name': 'svchost.exe', 'pid': 2668, 'username': None, 'vms': 1.296875}
{'name': 'svchost.exe', 'pid': 2724, 'username': None, 'vms': 3.66015625}
{'name': 'svchost.exe', 'pid': 2784, 'username': None, 'vms': 1.953125}
{'name': 'svchost.exe', 'pid': 2792, 'username': None, 'vms': 2.2890625}
{'name': 'svchost.exe', 'pid': 2832, 'username': None, 'vms': 2.09765625}
{'name': 'SgrmBroker.exe', 'pid': 2864, 'username': None, 'vms': 4.51953125}
{'name': 'MemCompression', 'pid': 2896, 'username': None, 'vms': 0.67578125}
{'name': 'dasHost.exe', 'pid': 2944, 'username': None, 'vms': 4.62109375}
{'name': 'smartscreen.exe', 'pid': 3088, 'username': 'DESKTOP-1SJROOB\\admin', 'vms': 7.640625}
{'name': 'svchost.exe', 'pid': 3116, 'username': None, 'vms': 6.9765625}
{'name': 'svchost.exe', 'pid': 3132, 'username': None, 'vms': 2.15234375}
{'name': 'RtkAudioService64.exe', 'pid': 3156, 'username': None, 'vms': 1.9140625}
{'name': 'svchost.exe', 'pid': 3184, 'username': None, 'vms': 10.89453125}
{'name': 'svchost.exe', 'pid': 3208, 'username': None, 'vms': 2.01171875}
{'name': 'svchost.exe', 'pid': 3304, 'username': None, 'vms': 3.734375}
{'name': 'csrss.exe', 'pid': 3340, 'username': None, 'vms': 2.53515625}
{'name': 'svchost.exe', 'pid': 3376, 'username': None, 'vms': 36.96484375}
{'name': 'svchost.exe', 'pid': 3460, 'username': None, 'vms': 2.5859375}
{'name': 'svchost.exe', 'pid': 3468, 'username': None, 'vms': 2.76953125}
{'name': 'chrome.exe', 'pid': 3512, 'username': 'DESKTOP-1SJROOB\\admin', 'vms': 6.484375}
{'name': 'svchost.exe', 'pid': 3672, 'username': None, 'vms': 2.41796875}
{'name': 'svchost.exe', 'pid': 3744, 'username': None, 'vms': 6.359375}
{'name': 'dasHost.exe', 'pid': 3808, 'username': None, 'vms': 0.93359375}
{'name': 'svchost.exe', 'pid': 3840, 'username': None, 'vms': 4.7109375}
{'name': 'spoolsv.exe', 'pid': 3888, 'username': None, 'vms': 12.78125}
{'name': 'svchost.exe', 'pid': 3924, 'username': None, 'vms': 11.94921875}
{'name': 'svchost.exe', 'pid': 3952, 'username': None, 'vms': 1.96875}
{'name': 'svchost.exe', 'pid': 4036, 'username': None, 'vms': 10.6953125}
{'name': 'svchost.exe', 'pid': 4108, 'username': None, 'vms': 1.50390625}
{'name': 'svchost.exe', 'pid': 4160, 'username': None, 'vms': 1.453125}
{'name': 'svchost.exe', 'pid': 4208, 'username': None, 'vms': 1.44140625}
{'name': 'QcomWlanSrvx64.exe', 'pid': 4220, 'username': None, 'vms': 1.30859375}
{'name': 'svchost.exe', 'pid': 4228, 'username': None, 'vms': 5.00390625}
{'name': 'esif_uf.exe', 'pid': 4236, 'username': None, 'vms': 1.78125}
{'name': 'svchost.exe', 'pid': 4244, 'username': None, 'vms': 4.0078125}
{'name': 'dwm.exe', 'pid': 4248, 'username': None, 'vms': 57.9140625}
{'name': 'AdminService.exe', 'pid': 4252, 'username': None, 'vms': 2.28125}
{'name': 'OneApp.IGCC.WinService.exe', 'pid': 4280, 'username': None, 'vms': 36.1484375}
{'name': 'shareitservice.exe', 'pid': 4296, 'username': None, 'vms': 19.2421875}
{'name': 'armsvc.exe', 'pid': 4304, 'username': None, 'vms': 1.56640625}
{'name': 'SynTPEnhService.exe', 'pid': 4312, 'username': None, 'vms': 1.32421875}
{'name': 'HPPrintScanDoctorService.exe', 'pid': 4336, 'username': None, 'vms': 1.546875}
{'name': 'chrome.exe', 'pid': 4344, 'username': 'DESKTOP-1SJROOB\\admin', 'vms': 25.29296875}
{'name': 'WavesSysSvc64.exe', 'pid': 4388, 'username': None, 'vms': 3.77734375}
{'name': 'svchost.exe', 'pid': 4416, 'username': None, 'vms': 3.125}
{'name': 'WMIRegistrationService.exe', 'pid': 4476, 'username': None, 'vms': 2.49609375}
{'name': 'svchost.exe', 'pid': 4500, 'username': None, 'vms': 2.98828125}
{'name': 'svchost.exe', 'pid': 4520, 'username': None, 'vms': 1.22265625}
{'name': 'svchost.exe', 'pid': 4628, 'username': None, 'vms': 2.3515625}
{'name': 'MoUsoCoreWorker.exe', 'pid': 4644, 'username': None, 'vms': 12.63671875}
{'name': 'LMS.exe', 'pid': 4688, 'username': None, 'vms': 2.953125}
{'name': 'svchost.exe', 'pid': 4752, 'username': None, 'vms': 3.46484375}
{'name': 'svchost.exe', 'pid': 4780, 'username': None, 'vms': 2.8515625}
{'name': 'jhi_service.exe', 'pid': 4996, 'username': None, 'vms': 1.2734375}
{'name': 'GoogleCrashHandler.exe', 'pid': 5204, 'username': None, 'vms': 1.5625}
{'name': 'Code.exe', 'pid': 5260, 'username': 'DESKTOP-1SJROOB\\admin', 'vms': 26.23046875}
{'name': 'RAVBg64.exe', 'pid': 5276, 'username': 'DESKTOP-1SJROOB\\admin', 'vms': 4.140625}
{'name': 'svchost.exe', 'pid': 5516, 'username': None, 'vms': 1.515625}
{'name': 'svchost.exe', 'pid': 5604, 'username': None, 'vms': 2.890625}
{'name': 'explorer.exe', 'pid': 5924, 'username': 'DESKTOP-1SJROOB\\admin', 'vms': 88.921875}
{'name': 'dllhost.exe', 'pid': 6012, 'username': None, 'vms': 3.61328125}
{'name': 'chrome.exe', 'pid': 6152, 'username': 'DESKTOP-1SJROOB\\admin', 'vms': 45.12890625}
{'name': 'chrome.exe', 'pid': 6216, 'username': 'DESKTOP-1SJROOB\\admin', 'vms': 26.6484375}
{'name': 'svchost.exe', 'pid': 6224, 'username': None, 'vms': 5.9609375}
{'name': 'svchost.exe', 'pid': 6280, 'username': 'DESKTOP-1SJROOB\\admin', 'vms': 5.30078125}
{'name': 'taskhostw.exe', 'pid': 6292, 'username': 'DESKTOP-1SJROOB\\admin', 'vms': 7.55078125}
{'name': 'svchost.exe', 'pid': 6324, 'username': None, 'vms': 6.01171875}
{'name': 'chrome.exe', 'pid': 6360, 'username': 'DESKTOP-1SJROOB\\admin', 'vms': 127.7421875}
{'name': 'svchost.exe', 'pid': 6404, 'username': None, 'vms': 2.37109375}
{'name': 'svchost.exe', 'pid': 6420, 'username': None, 'vms': 4.54296875}
{'name': 'chrome.exe', 'pid': 6428, 'username': 'DESKTOP-1SJROOB\\admin', 'vms': 33.68359375}
{'name': 'svchost.exe', 'pid': 6472, 'username': None, 'vms': 1.9921875}
{'name': 'RtkNGUI64.exe', 'pid': 6496, 'username': 'DESKTOP-1SJROOB\\admin', 'vms': 4.4375}
{'name': 'chrome.exe', 'pid': 6604, 'username': 'DESKTOP-1SJROOB\\admin', 'vms': 30.140625}
{'name': 'dptf_helper.exe', 'pid': 6624, 'username': 'DESKTOP-1SJROOB\\admin', 'vms': 1.30859375}
{'name': 'Zoom.exe', 'pid': 6628, 'username': 'DESKTOP-1SJROOB\\admin', 'vms': 391.55859375}
{'name': 'svchost.exe', 'pid': 6744, 'username': None, 'vms': 2.4609375}
{'name': 'SystemSettings.exe', 'pid': 6804, 'username': 'DESKTOP-1SJROOB\\admin', 'vms': 26.44921875}
{'name': 'StartMenuExperienceHost.exe', 'pid': 6916, 'username': 'DESKTOP-1SJROOB\\admin', 'vms': 27.8203125}
{'name': 'GoogleCrashHandler64.exe', 'pid': 7092, 'username': None, 'vms': 1.5703125}
{'name': 'RAVBg64.exe', 'pid': 7416, 'username': None, 'vms': 5.7578125}
{'name': 'chrome.exe', 'pid': 7492, 'username': 'DESKTOP-1SJROOB\\admin', 'vms': 13.25390625}
{'name': 'NisSrv.exe', 'pid': 7568, 'username': None, 'vms': 4.18359375}
{'name': 'svchost.exe', 'pid': 7616, 'username': None, 'vms': 6.7109375}
{'name': 'UserOOBEBroker.exe', 'pid': 7624, 'username': 'DESKTOP-1SJROOB\\admin', 'vms': 1.9921875}
{'name': 'SearchIndexer.exe', 'pid': 7628, 'username': None, 'vms': 33.82421875}
{'name': 'Zoom.exe', 'pid': 7736, 'username': 'DESKTOP-1SJROOB\\admin', 'vms': 87.9921875}
{'name': 'SecurityHealthSystray.exe', 'pid': 7924, 'username': 'DESKTOP-1SJROOB\\admin', 'vms': 1.65234375}
{'name': 'OfficeClickToRun.exe', 'pid': 7932, 'username': None, 'vms': 50.4765625}
{'name': 'msedge.exe', 'pid': 8276, 'username': 'DESKTOP-1SJROOB\\admin', 'vms': 52.45703125}
{'name': 'RuntimeBroker.exe', 'pid': 8384, 'username': 'DESKTOP-1SJROOB\\admin', 'vms': 8.63671875}
{'name': 'ctfmon.exe', 'pid': 8432, 'username': 'DESKTOP-1SJROOB\\admin', 'vms': 4.3515625}
{'name': 'msedge.exe', 'pid': 8480, 'username': 'DESKTOP-1SJROOB\\admin', 'vms': 24.171875}
{'name': 'RuntimeBroker.exe', 'pid': 8532, 'username': 'DESKTOP-1SJROOB\\admin', 'vms': 4.23046875}
{'name': 'Code.exe', 'pid': 8596, 'username': 'DESKTOP-1SJROOB\\admin', 'vms': 12.546875}
{'name': 'svchost.exe', 'pid': 8600, 'username': None, 'vms': 11.796875}
{'name': 'CptHost.exe', 'pid': 8840, 'username': 'DESKTOP-1SJROOB\\admin', 'vms': 6.8984375}
{'name': 'SecurityHealthService.exe', 'pid': 9060, 'username': None, 'vms': 5.57421875}
{'name': 'msedge.exe', 'pid': 9280, 'username': 'DESKTOP-1SJROOB\\admin', 'vms': 6.44921875}
{'name': 'svchost.exe', 'pid': 9408, 'username': None, 'vms': 1.59765625}
{'name': 'taskhostw.exe', 'pid': 9424, 'username': 'DESKTOP-1SJROOB\\admin', 'vms': 3.2890625}
{'name': 'Code.exe', 'pid': 9468, 'username': 'DESKTOP-1SJROOB\\admin', 'vms': 52.69921875}
{'name': 'Code.exe', 'pid': 9488, 'username': 'DESKTOP-1SJROOB\\admin', 'vms': 22.0859375}
{'name': 'cmd.exe', 'pid': 9580, 'username': 'DESKTOP-1SJROOB\\admin', 'vms': 2.40625}
{'name': 'Code.exe', 'pid': 9624, 'username': 'DESKTOP-1SJROOB\\admin', 'vms': 45.97265625}
{'name': 'svchost.exe', 'pid': 9768, 'username': 'DESKTOP-1SJROOB\\admin', 'vms': 10.109375}
{'name': 'SynTPHelper.exe', 'pid': 10336, 'username': 'DESKTOP-1SJROOB\\admin', 'vms': 1.02734375}
{'name': 'fontdrvhost.exe', 'pid': 10376, 'username': None, 'vms': 2.03125}
{'name': 'MsMpEng.exe', 'pid': 10408, 'username': None, 'vms': 349.7421875}
{'name': 'conhost.exe', 'pid': 10544, 'username': 'DESKTOP-1SJROOB\\admin', 'vms': 6.8046875}
{'name': 'msedge.exe', 'pid': 10620, 'username': 'DESKTOP-1SJROOB\\admin', 'vms': 1.9921875}
{'name': 'Code.exe', 'pid': 10636, 'username': 'DESKTOP-1SJROOB\\admin', 'vms': 10.4609375}
{'name': 'WavesSvc64.exe', 'pid': 10972, 'username': 'DESKTOP-1SJROOB\\admin', 'vms': 15.5}
{'name': 'SearchProtocolHost.exe', 'pid': 11128, 'username': None, 'vms': 2.28125}
{'name': 'RuntimeBroker.exe', 'pid': 11164, 'username': 'DESKTOP-1SJROOB\\admin', 'vms': 6.1796875}
{'name': 'FileCoAuth.exe', 'pid': 11424, 'username': 'DESKTOP-1SJROOB\\admin', 'vms': 3.64453125}
{'name': 'chrome.exe', 'pid': 11684, 'username': 'DESKTOP-1SJROOB\\admin', 'vms': 32.24609375}
{'name': 'svchost.exe', 'pid': 11724, 'username': 'DESKTOP-1SJROOB\\admin', 'vms': 10.1953125}
{'name': 'chrome.exe', 'pid': 11796, 'username': 'DESKTOP-1SJROOB\\admin', 'vms': 142.0234375}
{'name': 'svchost.exe', 'pid': 12084, 'username': 'DESKTOP-1SJROOB\\admin', 'vms': 3.69140625}
{'name': 'OneDrive.exe', 'pid': 12104, 'username': 'DESKTOP-1SJROOB\\admin', 'vms': 43.8203125}
{'name': 'winlogon.exe', 'pid': 12116, 'username': None, 'vms': 2.56640625}
{'name': 'igfxEM.exe', 'pid': 12148, 'username': 'DESKTOP-1SJROOB\\admin', 'vms': 3.62890625}
{'name': 'chrome.exe', 'pid': 12372, 'username': 'DESKTOP-1SJROOB\\admin', 'vms': 135.91015625}
{'name': 'Code.exe', 'pid': 12468, 'username': 'DESKTOP-1SJROOB\\admin', 'vms': 55.73046875}
{'name': 'svchost.exe', 'pid': 12536, 'username': None, 'vms': 4.26171875}
{'name': 'chrome.exe', 'pid': 12868, 'username': 'DESKTOP-1SJROOB\\admin', 'vms': 63.71484375}
{'name': 'SynTPEnh.exe', 'pid': 12872, 'username': 'DESKTOP-1SJROOB\\admin', 'vms': 5.92578125}
{'name': 'dllhost.exe', 'pid': 12884, 'username': 'DESKTOP-1SJROOB\\admin', 'vms': 3.9765625}
{'name': 'chrome.exe', 'pid': 12948, 'username': 'DESKTOP-1SJROOB\\admin', 'vms': 11.69921875}
{'name': 'SearchApp.exe', 'pid': 13144, 'username': 'DESKTOP-1SJROOB\\admin', 'vms': 133.68359375}
{'name': 'svchost.exe', 'pid': 13724, 'username': 'DESKTOP-1SJROOB\\admin', 'vms': 1.65234375}
{'name': 'svchost.exe', 'pid': 13756, 'username': None, 'vms': 1.3046875}
{'name': 'python.exe', 'pid': 13940, 'username': 'DESKTOP-1SJROOB\\admin', 'vms': 15.23046875}
{'name': 'SearchFilterHost.exe', 'pid': 14132, 'username': None, 'vms': 1.41796875}
{'name': 'RuntimeBroker.exe', 'pid': 14192, 'username': 'DESKTOP-1SJROOB\\admin', 'vms': 4.51953125}
