--------------------------------------------------------------------------------
My File Process Logger : Mon Oct  2 10:45:16 2023
--------------------------------------------------------------------------------

{'name': 'System Idle Process', 'pid': 0, 'username': 'NT AUTHORITY\\SYSTEM', 'vms': 0.05859375}
{'name': 'System', 'pid': 4, 'username': 'NT AUTHORITY\\SYSTEM', 'vms': 0.19921875}
{'name': 'Registry', 'pid': 100, 'username': None, 'vms': 6.57421875}
{'name': 'smss.exe', 'pid': 460, 'username': None, 'vms': 1.04296875}
{'name': 'svchost.exe', 'pid': 520, 'username': None, 'vms': 13.8203125}
{'name': 'csrss.exe', 'pid': 676, 'username': None, 'vms': 2.41796875}
{'name': 'fontdrvhost.exe', 'pid': 700, 'username': None, 'vms': 1.78515625}
{'name': 'smartscreen.exe', 'pid': 780, 'username': 'DESKTOP-1SJROOB\\admin', 'vms': 7.73828125}
{'name': 'wininit.exe', 'pid': 788, 'username': None, 'vms': 1.58203125}
{'name': 'WUDFHost.exe', 'pid': 856, 'username': None, 'vms': 3.79296875}
{'name': 'services.exe', 'pid': 860, 'username': None, 'vms': 5.69921875}
{'name': 'lsass.exe', 'pid': 872, 'username': None, 'vms': 8.2578125}
{'name': 'LockApp.exe', 'pid': 940, 'username': 'DESKTOP-1SJROOB\\admin', 'vms': 15.91015625}
{'name': 'svchost.exe', 'pid': 1092, 'username': None, 'vms': 9.6171875}
{'name': 'chrome.exe', 'pid': 1116, 'username': 'DESKTOP-1SJROOB\\admin', 'vms': 62.703125}
{'name': 'WavesSvc64.exe', 'pid': 1152, 'username': 'DESKTOP-1SJROOB\\admin', 'vms': 15.3671875}
{'name': 'svchost.exe', 'pid': 1160, 'username': None, 'vms': 2.50390625}
{'name': 'SecurityHealthSystray.exe', 'pid': 1172, 'username': 'DESKTOP-1SJROOB\\admin', 'vms': 1.64453125}
{'name': 'svchost.exe', 'pid': 1260, 'username': None, 'vms': 1.69921875}
{'name': 'svchost.exe', 'pid': 1264, 'username': None, 'vms': 8.48828125}
{'name': 'svchost.exe', 'pid': 1280, 'username': None, 'vms': 4.6484375}
{'name': 'svchost.exe', 'pid': 1340, 'username': None, 'vms': 1.96875}
{'name': 'NisSrv.exe', 'pid': 1372, 'username': None, 'vms': 3.890625}
{'name': 'svchost.exe', 'pid': 1384, 'username': None, 'vms': 2.98828125}
{'name': 'svchost.exe', 'pid': 1388, 'username': None, 'vms': 1.703125}
{'name': 'svchost.exe', 'pid': 1404, 'username': None, 'vms': 1.91796875}
{'name': 'svchost.exe', 'pid': 1436, 'username': None, 'vms': 2.48828125}
{'name': 'svchost.exe', 'pid': 1476, 'username': None, 'vms': 6.09375}
{'name': 'IntelCpHeciSvc.exe', 'pid': 1540, 'username': None, 'vms': 1.359375}
{'name': 'svchost.exe', 'pid': 1572, 'username': None, 'vms': 1.96484375}
{'name': 'svchost.exe', 'pid': 1640, 'username': None, 'vms': 2.625}
{'name': 'svchost.exe', 'pid': 1672, 'username': None, 'vms': 1.91015625}
{'name': 'svchost.exe', 'pid': 1680, 'username': None, 'vms': 2.10546875}
{'name': 'IntelCpHDCPSvc.exe', 'pid': 1764, 'username': None, 'vms': 1.390625}
{'name': 'svchost.exe', 'pid': 1820, 'username': None, 'vms': 3.6484375}
{'name': 'svchost.exe', 'pid': 1852, 'username': None, 'vms': 15.890625}
{'name': 'Code.exe', 'pid': 1884, 'username': 'DESKTOP-1SJROOB\\admin', 'vms': 72.921875}
{'name': 'svchost.exe', 'pid': 1972, 'username': None, 'vms': 2.01171875}
{'name': 'igfxCUIService.exe', 'pid': 2016, 'username': None, 'vms': 1.74609375}
{'name': 'msedge.exe', 'pid': 2080, 'username': 'DESKTOP-1SJROOB\\admin', 'vms': 11.69921875}
{'name': 'svchost.exe', 'pid': 2096, 'username': None, 'vms': 4.79296875}
{'name': 'svchost.exe', 'pid': 2148, 'username': None, 'vms': 5.5234375}
{'name': 'svchost.exe', 'pid': 2168, 'username': None, 'vms': 2.23828125}
{'name': 'svchost.exe', 'pid': 2176, 'username': None, 'vms': 1.8828125}
{'name': 'svchost.exe', 'pid': 2336, 'username': None, 'vms': 2.98828125}
{'name': 'svchost.exe', 'pid': 2376, 'username': None, 'vms': 4.02734375}
{'name': 'atiesrxx.exe', 'pid': 2396, 'username': None, 'vms': 1.4375}
{'name': 'svchost.exe', 'pid': 2428, 'username': None, 'vms': 4.875}
{'name': 'svchost.exe', 'pid': 2436, 'username': None, 'vms': 1.5390625}
{'name': 'svchost.exe', 'pid': 2440, 'username': None, 'vms': 23.234375}
{'name': 'svchost.exe', 'pid': 2496, 'username': None, 'vms': 6.64453125}
{'name': 'svchost.exe', 'pid': 2512, 'username': None, 'vms': 1.79296875}
{'name': 'PresentationFontCache.exe', 'pid': 2544, 'username': None, 'vms': 23.65625}
{'name': 'svchost.exe', 'pid': 2604, 'username': None, 'vms': 3.640625}
{'name': 'Code.exe', 'pid': 2616, 'username': 'DESKTOP-1SJROOB\\admin', 'vms': 10.4609375}
{'name': 'svchost.exe', 'pid': 2664, 'username': None, 'vms': 2.91796875}
{'name': 'svchost.exe', 'pid': 2668, 'username': None, 'vms': 1.27734375}
{'name': 'svchost.exe', 'pid': 2724, 'username': None, 'vms': 3.5546875}
{'name': 'svchost.exe', 'pid': 2784, 'username': None, 'vms': 2.00390625}
{'name': 'svchost.exe', 'pid': 2792, 'username': None, 'vms': 2.09765625}
{'name': 'svchost.exe', 'pid': 2832, 'username': None, 'vms': 1.99609375}
{'name': 'SgrmBroker.exe', 'pid': 2864, 'username': None, 'vms': 5.09375}
{'name': 'MemCompression', 'pid': 2896, 'username': None, 'vms': 0.93359375}
{'name': 'RAVBg64.exe', 'pid': 2936, 'username': None, 'vms': 5.76171875}
{'name': 'dasHost.exe', 'pid': 2944, 'username': None, 'vms': 4.171875}
{'name': 'OneDrive.exe', 'pid': 3036, 'username': 'DESKTOP-1SJROOB\\admin', 'vms': 45.359375}
{'name': 'svchost.exe', 'pid': 3116, 'username': None, 'vms': 4.171875}
{'name': 'svchost.exe', 'pid': 3132, 'username': None, 'vms': 2.19140625}
{'name': 'RtkAudioService64.exe', 'pid': 3156, 'username': None, 'vms': 1.8125}
{'name': 'svchost.exe', 'pid': 3184, 'username': None, 'vms': 8.70703125}
{'name': 'svchost.exe', 'pid': 3208, 'username': None, 'vms': 1.921875}
{'name': 'svchost.exe', 'pid': 3300, 'username': None, 'vms': 1.90625}
{'name': 'svchost.exe', 'pid': 3304, 'username': None, 'vms': 3.1953125}
{'name': 'svchost.exe', 'pid': 3376, 'username': None, 'vms': 19.96484375}
{'name': 'svchost.exe', 'pid': 3460, 'username': None, 'vms': 2.61328125}
{'name': 'svchost.exe', 'pid': 3468, 'username': None, 'vms': 2.71484375}
{'name': 'svchost.exe', 'pid': 3516, 'username': 'DESKTOP-1SJROOB\\admin', 'vms': 11.78515625}
{'name': 'Code.exe', 'pid': 3544, 'username': 'DESKTOP-1SJROOB\\admin', 'vms': 27.3671875}
{'name': 'svchost.exe', 'pid': 3672, 'username': None, 'vms': 2.45703125}
{'name': 'svchost.exe', 'pid': 3744, 'username': None, 'vms': 6.0859375}
{'name': 'dasHost.exe', 'pid': 3808, 'username': None, 'vms': 0.93359375}
{'name': 'svchost.exe', 'pid': 3840, 'username': None, 'vms': 3.328125}
{'name': 'spoolsv.exe', 'pid': 3888, 'username': None, 'vms': 12.66015625}
{'name': 'svchost.exe', 'pid': 3924, 'username': None, 'vms': 11.4765625}
{'name': 'svchost.exe', 'pid': 3952, 'username': None, 'vms': 1.859375}
{'name': 'msedge.exe', 'pid': 3964, 'username': 'DESKTOP-1SJROOB\\admin', 'vms': 52.3046875}
{'name': 'svchost.exe', 'pid': 4036, 'username': None, 'vms': 9.546875}
{'name': 'svchost.exe', 'pid': 4108, 'username': None, 'vms': 1.50390625}
{'name': 'svchost.exe', 'pid': 4160, 'username': None, 'vms': 1.37109375}
{'name': 'svchost.exe', 'pid': 4208, 'username': None, 'vms': 1.375}
{'name': 'QcomWlanSrvx64.exe', 'pid': 4220, 'username': None, 'vms': 1.28515625}
{'name': 'svchost.exe', 'pid': 4228, 'username': None, 'vms': 4.99609375}
{'name': 'esif_uf.exe', 'pid': 4236, 'username': None, 'vms': 1.7734375}
{'name': 'svchost.exe', 'pid': 4244, 'username': None, 'vms': 3.72265625}
{'name': 'AdminService.exe', 'pid': 4252, 'username': None, 'vms': 2.16015625}
{'name': 'OneApp.IGCC.WinService.exe', 'pid': 4280, 'username': None, 'vms': 36.14453125}
{'name': 'shareitservice.exe', 'pid': 4296, 'username': None, 'vms': 19.2421875}
{'name': 'armsvc.exe', 'pid': 4304, 'username': None, 'vms': 1.56640625}
{'name': 'SynTPEnhService.exe', 'pid': 4312, 'username': None, 'vms': 1.30078125}
{'name': 'HPPrintScanDoctorService.exe', 'pid': 4336, 'username': None, 'vms': 1.53515625}
{'name': 'WavesSysSvc64.exe', 'pid': 4388, 'username': None, 'vms': 3.77734375}
{'name': 'svchost.exe', 'pid': 4416, 'username': None, 'vms': 3.046875}
{'name': 'MsMpEng.exe', 'pid': 4456, 'username': None, 'vms': 317.55078125}
{'name': 'WMIRegistrationService.exe', 'pid': 4476, 'username': None, 'vms': 2.4921875}
{'name': 'svchost.exe', 'pid': 4500, 'username': None, 'vms': 2.8046875}
{'name': 'svchost.exe', 'pid': 4520, 'username': None, 'vms': 1.21484375}
{'name': 'OfficeClickToRun.exe', 'pid': 4608, 'username': None, 'vms': 42.390625}
{'name': 'svchost.exe', 'pid': 4628, 'username': None, 'vms': 2.2265625}
{'name': 'MoUsoCoreWorker.exe', 'pid': 4644, 'username': None, 'vms': 5.7578125}
{'name': 'LMS.exe', 'pid': 4688, 'username': None, 'vms': 2.984375}
{'name': 'svchost.exe', 'pid': 4752, 'username': None, 'vms': 3.46875}
{'name': 'SynTPHelper.exe', 'pid': 4764, 'username': 'DESKTOP-1SJROOB\\admin', 'vms': 1.03125}
{'name': 'svchost.exe', 'pid': 4780, 'username': None, 'vms': 2.890625}
{'name': 'jhi_service.exe', 'pid': 4996, 'username': None, 'vms': 1.2734375}
{'name': 'GoogleCrashHandler.exe', 'pid': 5204, 'username': None, 'vms': 1.55078125}
{'name': 'chrome.exe', 'pid': 5380, 'username': 'DESKTOP-1SJROOB\\admin', 'vms': 27.3671875}
{'name': 'Code.exe', 'pid': 5400, 'username': 'DESKTOP-1SJROOB\\admin', 'vms': 173.25390625}
{'name': 'chrome.exe', 'pid': 5440, 'username': 'DESKTOP-1SJROOB\\admin', 'vms': 140.33984375}
{'name': 'svchost.exe', 'pid': 5516, 'username': None, 'vms': 1.50390625}
{'name': 'svchost.exe', 'pid': 5604, 'username': None, 'vms': 2.8125}
{'name': 'dllhost.exe', 'pid': 6012, 'username': None, 'vms': 2.99609375}
{'name': 'SearchIndexer.exe', 'pid': 6104, 'username': None, 'vms': 33.54296875}
{'name': 'RuntimeBroker.exe', 'pid': 6112, 'username': 'DESKTOP-1SJROOB\\admin', 'vms': 7.73046875}
{'name': 'svchost.exe', 'pid': 6224, 'username': None, 'vms': 4.48828125}
{'name': 'svchost.exe', 'pid': 6296, 'username': None, 'vms': 1.21484375}
{'name': 'svchost.exe', 'pid': 6324, 'username': None, 'vms': 5.9375}
{'name': 'explorer.exe', 'pid': 6344, 'username': 'DESKTOP-1SJROOB\\admin', 'vms': 112.046875}
{'name': 'svchost.exe', 'pid': 6404, 'username': None, 'vms': 2.1796875}
{'name': 'svchost.exe', 'pid': 6420, 'username': None, 'vms': 4.65234375}
{'name': 'svchost.exe', 'pid': 6472, 'username': None, 'vms': 2.01171875}
{'name': 'chrome.exe', 'pid': 6504, 'username': 'DESKTOP-1SJROOB\\admin', 'vms': 12.6796875}
{'name': 'chrome.exe', 'pid': 6552, 'username': 'DESKTOP-1SJROOB\\admin', 'vms': 33.109375}
{'name': 'chrome.exe', 'pid': 6640, 'username': 'DESKTOP-1SJROOB\\admin', 'vms': 6.64453125}
{'name': 'RAVBg64.exe', 'pid': 6656, 'username': 'DESKTOP-1SJROOB\\admin', 'vms': 4.12890625}
{'name': 'svchost.exe', 'pid': 6744, 'username': None, 'vms': 2.33984375}
{'name': 'SynTPEnh.exe', 'pid': 6780, 'username': 'DESKTOP-1SJROOB\\admin', 'vms': 6.484375}
{'name': 'msedge.exe', 'pid': 6832, 'username': 'DESKTOP-1SJROOB\\admin', 'vms': 6.52734375}
{'name': 'svchost.exe', 'pid': 6976, 'username': 'DESKTOP-1SJROOB\\admin', 'vms': 1.73828125}
{'name': 'GoogleCrashHandler64.exe', 'pid': 7092, 'username': None, 'vms': 1.5703125}
{'name': 'svchost.exe', 'pid': 7200, 'username': None, 'vms': 4.52734375}
{'name': 'CalculatorApp.exe', 'pid': 7220, 'username': 'DESKTOP-1SJROOB\\admin', 'vms': 27.76953125}
{'name': 'TextInputHost.exe', 'pid': 7592, 'username': 'DESKTOP-1SJROOB\\admin', 'vms': 14.92578125}
{'name': 'taskhostw.exe', 'pid': 7600, 'username': 'DESKTOP-1SJROOB\\admin', 'vms': 1.33984375}
{'name': 'svchost.exe', 'pid': 7616, 'username': None, 'vms': 5.72265625}
{'name': 'svchost.exe', 'pid': 7780, 'username': 'DESKTOP-1SJROOB\\admin', 'vms': 5.37109375}
{'name': 'RuntimeBroker.exe', 'pid': 7888, 'username': 'DESKTOP-1SJROOB\\admin', 'vms': 4.18359375}
{'name': 'chrome.exe', 'pid': 7916, 'username': 'DESKTOP-1SJROOB\\admin', 'vms': 21.265625}
{'name': 'dptf_helper.exe', 'pid': 7992, 'username': 'DESKTOP-1SJROOB\\admin', 'vms': 1.27734375}
{'name': 'nearby_share.exe', 'pid': 8140, 'username': 'DESKTOP-1SJROOB\\admin', 'vms': 68.97265625}
{'name': 'winlogon.exe', 'pid': 8236, 'username': None, 'vms': 2.46875}
{'name': 'crashpad_handler.exe', 'pid': 8356, 'username': 'DESKTOP-1SJROOB\\admin', 'vms': 1.2890625}
{'name': 'svchost.exe', 'pid': 8600, 'username': None, 'vms': 11.23046875}
{'name': 'chrome.exe', 'pid': 8832, 'username': 'DESKTOP-1SJROOB\\admin', 'vms': 14.79296875}
{'name': 'chrome.exe', 'pid': 8888, 'username': 'DESKTOP-1SJROOB\\admin', 'vms': 143.44921875}
{'name': 'msedge.exe', 'pid': 8980, 'username': 'DESKTOP-1SJROOB\\admin', 'vms': 24.17578125}
{'name': 'SecurityHealthService.exe', 'pid': 9060, 'username': None, 'vms': 4.4921875}
{'name': 'SearchProtocolHost.exe', 'pid': 9244, 'username': None, 'vms': 2.26953125}
{'name': 'ApplicationFrameHost.exe', 'pid': 9444, 'username': 'DESKTOP-1SJROOB\\admin', 'vms': 12.45703125}
{'name': 'RuntimeBroker.exe', 'pid': 9520, 'username': 'DESKTOP-1SJROOB\\admin', 'vms': 3.4375}
{'name': 'chrome.exe', 'pid': 9552, 'username': 'DESKTOP-1SJROOB\\admin', 'vms': 106.2890625}
{'name': 'MicrosoftEdgeUpdate.exe', 'pid': 9620, 'username': None, 'vms': 1.8515625}
{'name': 'Code.exe', 'pid': 9644, 'username': 'DESKTOP-1SJROOB\\admin', 'vms': 12.125}
{'name': 'Code.exe', 'pid': 9920, 'username': 'DESKTOP-1SJROOB\\admin', 'vms': 48.54296875}
{'name': 'audiodg.exe', 'pid': 10144, 'username': None, 'vms': 10.58203125}
{'name': 'dwm.exe', 'pid': 10152, 'username': None, 'vms': 42.859375}
{'name': 'RuntimeBroker.exe', 'pid': 10224, 'username': 'DESKTOP-1SJROOB\\admin', 'vms': 6.37109375}
{'name': 'sihost.exe', 'pid': 10280, 'username': 'DESKTOP-1SJROOB\\admin', 'vms': 6.140625}
{'name': 'UserOOBEBroker.exe', 'pid': 10304, 'username': 'DESKTOP-1SJROOB\\admin', 'vms': 1.953125}
{'name': 'svchost.exe', 'pid': 10348, 'username': 'DESKTOP-1SJROOB\\admin', 'vms': 10.1328125}
{'name': 'cmd.exe', 'pid': 10416, 'username': 'DESKTOP-1SJROOB\\admin', 'vms': 3.953125}
{'name': 'svchost.exe', 'pid': 10428, 'username': 'DESKTOP-1SJROOB\\admin', 'vms': 3.83203125}
{'name': 'chrome.exe', 'pid': 10560, 'username': 'DESKTOP-1SJROOB\\admin', 'vms': 100.00390625}
{'name': 'StartMenuExperienceHost.exe', 'pid': 10856, 'username': 'DESKTOP-1SJROOB\\admin', 'vms': 27.1015625}
{'name': 'chrome.exe', 'pid': 10928, 'username': 'DESKTOP-1SJROOB\\admin', 'vms': 20.90625}
{'name': 'RuntimeBroker.exe', 'pid': 11056, 'username': 'DESKTOP-1SJROOB\\admin', 'vms': 1.3359375}
{'name': 'ctfmon.exe', 'pid': 11116, 'username': 'DESKTOP-1SJROOB\\admin', 'vms': 3.984375}
{'name': 'SystemSettings.exe', 'pid': 11172, 'username': 'DESKTOP-1SJROOB\\admin', 'vms': 27.63671875}
{'name': 'ShellExperienceHost.exe', 'pid': 11628, 'username': 'DESKTOP-1SJROOB\\admin', 'vms': 18.65234375}
{'name': 'csrss.exe', 'pid': 11780, 'username': None, 'vms': 2.41796875}
{'name': 'taskhostw.exe', 'pid': 11852, 'username': 'DESKTOP-1SJROOB\\admin', 'vms': 8.13671875}
{'name': 'SearchFilterHost.exe', 'pid': 11868, 'username': None, 'vms': 1.453125}
{'name': 'conhost.exe', 'pid': 11916, 'username': 'DESKTOP-1SJROOB\\admin', 'vms': 7.26953125}
{'name': 'SearchApp.exe', 'pid': 11968, 'username': 'DESKTOP-1SJROOB\\admin', 'vms': 140.41796875}
{'name': 'Code.exe', 'pid': 12072, 'username': 'DESKTOP-1SJROOB\\admin', 'vms': 48.34765625}
{'name': 'chrome.exe', 'pid': 12296, 'username': 'DESKTOP-1SJROOB\\admin', 'vms': 11.7734375}
{'name': 'Code.exe', 'pid': 12396, 'username': 'DESKTOP-1SJROOB\\admin', 'vms': 22.5390625}
{'name': 'python.exe', 'pid': 12436, 'username': 'DESKTOP-1SJROOB\\admin', 'vms': 14.96875}
{'name': 'SearchProtocolHost.exe', 'pid': 12460, 'username': 'DESKTOP-1SJROOB\\admin', 'vms': 1.671875}
{'name': 'RtkNGUI64.exe', 'pid': 12504, 'username': 'DESKTOP-1SJROOB\\admin', 'vms': 4.4375}
{'name': 'msedge.exe', 'pid': 12700, 'username': 'DESKTOP-1SJROOB\\admin', 'vms': 1.984375}
{'name': 'igfxEM.exe', 'pid': 12812, 'username': 'DESKTOP-1SJROOB\\admin', 'vms': 3.57421875}
{'name': 'fontdrvhost.exe', 'pid': 13072, 'username': None, 'vms': 1.77734375}
{'name': 'RuntimeBroker.exe', 'pid': 13120, 'username': 'DESKTOP-1SJROOB\\admin', 'vms': 9.546875}
{'name': 'dllhost.exe', 'pid': 13276, 'username': 'DESKTOP-1SJROOB\\admin', 'vms': 3.47265625}
