--------------------------------------------------------------------------------
My File Process Logger : Mon Oct  2 00:30:34 2023
--------------------------------------------------------------------------------

{'name': 'System Idle Process', 'username': 'NT AUTHORITY\\SYSTEM', 'pid': 0, 'vms': 0.05859375}
{'name': 'System', 'username': 'NT AUTHORITY\\SYSTEM', 'pid': 4, 'vms': 0.19921875}
{'name': 'dllhost.exe', 'username': 'DESKTOP-1SJROOB\\admin', 'pid': 68, 'vms': 3.76953125}
{'name': 'Registry', 'username': None, 'pid': 100, 'vms': 6.27734375}
{'name': 'smss.exe', 'username': None, 'pid': 460, 'vms': 1.04296875}
{'name': 'svchost.exe', 'username': None, 'pid': 520, 'vms': 13.921875}
{'name': 'fontdrvhost.exe', 'username': None, 'pid': 552, 'vms': 4.70703125}
{'name': 'Code.exe', 'username': 'DESKTOP-1SJROOB\\admin', 'pid': 588, 'vms': 27.89453125}
{'name': 'csrss.exe', 'username': None, 'pid': 676, 'vms': 2.3671875}
{'name': 'fontdrvhost.exe', 'username': None, 'pid': 700, 'vms': 1.78515625}
{'name': 'wininit.exe', 'username': None, 'pid': 788, 'vms': 1.4453125}
{'name': 'csrss.exe', 'username': None, 'pid': 796, 'vms': 2.58203125}
{'name': 'crashpad_handler.exe', 'username': 'DESKTOP-1SJROOB\\admin', 'pid': 828, 'vms': 1.4375}
{'name': 'WUDFHost.exe', 'username': None, 'pid': 856, 'vms': 3.79296875}
{'name': 'services.exe', 'username': None, 'pid': 860, 'vms': 5.71875}
{'name': 'lsass.exe', 'username': None, 'pid': 872, 'vms': 8.0703125}
{'name': 'winlogon.exe', 'username': None, 'pid': 948, 'vms': 2.5703125}
{'name': 'svchost.exe', 'username': None, 'pid': 1092, 'vms': 9.10546875}
{'name': 'svchost.exe', 'username': None, 'pid': 1160, 'vms': 2.4140625}
{'name': 'Code.exe', 'username': 'DESKTOP-1SJROOB\\admin', 'pid': 1200, 'vms': 204.6484375}
{'name': 'dwm.exe', 'username': None, 'pid': 1236, 'vms': 56.93359375}
{'name': 'svchost.exe', 'username': None, 'pid': 1260, 'vms': 1.69140625}
{'name': 'svchost.exe', 'username': None, 'pid': 1280, 'vms': 4.703125}
{'name': 'svchost.exe', 'username': None, 'pid': 1340, 'vms': 1.9375}
{'name': 'NisSrv.exe', 'username': None, 'pid': 1372, 'vms': 3.890625}
{'name': 'svchost.exe', 'username': None, 'pid': 1384, 'vms': 2.91015625}
{'name': 'svchost.exe', 'username': None, 'pid': 1388, 'vms': 1.68359375}
{'name': 'svchost.exe', 'username': None, 'pid': 1404, 'vms': 1.8125}
{'name': 'svchost.exe', 'username': None, 'pid': 1436, 'vms': 2.46484375}
{'name': 'svchost.exe', 'username': None, 'pid': 1476, 'vms': 5.98046875}
{'name': 'IntelCpHeciSvc.exe', 'username': None, 'pid': 1540, 'vms': 1.35546875}
{'name': 'svchost.exe', 'username': None, 'pid': 1572, 'vms': 2.05859375}
{'name': 'svchost.exe', 'username': None, 'pid': 1640, 'vms': 2.62109375}
{'name': 'explorer.exe', 'username': 'DESKTOP-1SJROOB\\admin', 'pid': 1668, 'vms': 109.48046875}
{'name': 'svchost.exe', 'username': None, 'pid': 1672, 'vms': 1.8671875}
{'name': 'svchost.exe', 'username': None, 'pid': 1680, 'vms': 2.0625}
{'name': 'IntelCpHDCPSvc.exe', 'username': None, 'pid': 1764, 'vms': 1.390625}
{'name': 'ctfmon.exe', 'username': 'DESKTOP-1SJROOB\\admin', 'pid': 1776, 'vms': 4.63671875}
{'name': 'svchost.exe', 'username': None, 'pid': 1820, 'vms': 3.41015625}
{'name': 'svchost.exe', 'username': None, 'pid': 1852, 'vms': 15.3359375}
{'name': 'svchost.exe', 'username': None, 'pid': 1972, 'vms': 1.859375}
{'name': 'igfxCUIService.exe', 'username': None, 'pid': 2016, 'vms': 1.7578125}
{'name': 'svchost.exe', 'username': None, 'pid': 2096, 'vms': 5.0234375}
{'name': 'svchost.exe', 'username': None, 'pid': 2148, 'vms': 5.546875}
{'name': 'svchost.exe', 'username': None, 'pid': 2168, 'vms': 2.17578125}
{'name': 'svchost.exe', 'username': None, 'pid': 2176, 'vms': 1.8828125}
{'name': 'RuntimeBroker.exe', 'username': 'DESKTOP-1SJROOB\\admin', 'pid': 2300, 'vms': 10.10546875}
{'name': 'chrome.exe', 'username': 'DESKTOP-1SJROOB\\admin', 'pid': 2308, 'vms': 131.09375}
{'name': 'cmd.exe', 'username': 'DESKTOP-1SJROOB\\admin', 'pid': 2328, 'vms': 2.61328125}
{'name': 'svchost.exe', 'username': None, 'pid': 2336, 'vms': 2.7109375}
{'name': 'svchost.exe', 'username': None, 'pid': 2376, 'vms': 3.859375}
{'name': 'atiesrxx.exe', 'username': None, 'pid': 2396, 'vms': 1.4375}
{'name': 'svchost.exe', 'username': None, 'pid': 2428, 'vms': 4.875}
{'name': 'svchost.exe', 'username': None, 'pid': 2436, 'vms': 1.48046875}
{'name': 'svchost.exe', 'username': None, 'pid': 2440, 'vms': 23.01171875}
{'name': 'svchost.exe', 'username': None, 'pid': 2496, 'vms': 6.7109375}
{'name': 'svchost.exe', 'username': None, 'pid': 2512, 'vms': 1.72265625}
{'name': 'PresentationFontCache.exe', 'username': None, 'pid': 2544, 'vms': 23.65625}
{'name': 'svchost.exe', 'username': None, 'pid': 2604, 'vms': 3.58203125}
{'name': 'svchost.exe', 'username': None, 'pid': 2664, 'vms': 2.99609375}
{'name': 'svchost.exe', 'username': None, 'pid': 2668, 'vms': 1.26953125}
{'name': 'svchost.exe', 'username': None, 'pid': 2724, 'vms': 3.65625}
{'name': 'svchost.exe', 'username': None, 'pid': 2784, 'vms': 1.9453125}
{'name': 'svchost.exe', 'username': None, 'pid': 2792, 'vms': 2.2265625}
{'name': 'svchost.exe', 'username': None, 'pid': 2832, 'vms': 2.01171875}
{'name': 'SgrmBroker.exe', 'username': None, 'pid': 2864, 'vms': 4.9375}
{'name': 'MemCompression', 'username': None, 'pid': 2896, 'vms': 1.17578125}
{'name': 'dasHost.exe', 'username': None, 'pid': 2944, 'vms': 4.09375}
{'name': 'dptf_helper.exe', 'username': 'DESKTOP-1SJROOB\\admin', 'pid': 2972, 'vms': 1.3125}
{'name': 'Video.UI.exe', 'username': 'DESKTOP-1SJROOB\\admin', 'pid': 3104, 'vms': 20.30078125}
{'name': 'svchost.exe', 'username': None, 'pid': 3116, 'vms': 4.5078125}
{'name': 'svchost.exe', 'username': None, 'pid': 3132, 'vms': 2.15234375}
{'name': 'SynTPEnh.exe', 'username': 'DESKTOP-1SJROOB\\admin', 'pid': 3148, 'vms': 6.85546875}
{'name': 'RtkAudioService64.exe', 'username': None, 'pid': 3156, 'vms': 1.8515625}
{'name': 'svchost.exe', 'username': None, 'pid': 3184, 'vms': 8.11328125}
{'name': 'svchost.exe', 'username': None, 'pid': 3208, 'vms': 1.97265625}
{'name': 'svchost.exe', 'username': None, 'pid': 3300, 'vms': 1.8515625}
{'name': 'svchost.exe', 'username': None, 'pid': 3304, 'vms': 3.265625}
{'name': 'svchost.exe', 'username': None, 'pid': 3376, 'vms': 30.42578125}
{'name': 'svchost.exe', 'username': None, 'pid': 3460, 'vms': 2.76171875}
{'name': 'svchost.exe', 'username': None, 'pid': 3468, 'vms': 2.77734375}
{'name': 'RAVBg64.exe', 'username': None, 'pid': 3540, 'vms': 5.859375}
{'name': 'chrome.exe', 'username': 'DESKTOP-1SJROOB\\admin', 'pid': 3620, 'vms': 11.75}
{'name': 'svchost.exe', 'username': None, 'pid': 3672, 'vms': 2.3515625}
{'name': 'svchost.exe', 'username': None, 'pid': 3744, 'vms': 6.28515625}
{'name': 'dasHost.exe', 'username': None, 'pid': 3808, 'vms': 0.93359375}
{'name': 'PhoneExperienceHost.exe', 'username': 'DESKTOP-1SJROOB\\admin', 'pid': 3828, 'vms': 69.671875}
{'name': 'svchost.exe', 'username': None, 'pid': 3840, 'vms': 2.640625}
{'name': 'spoolsv.exe', 'username': None, 'pid': 3888, 'vms': 12.75390625}
{'name': 'svchost.exe', 'username': None, 'pid': 3924, 'vms': 11.4296875}
{'name': 'svchost.exe', 'username': None, 'pid': 3952, 'vms': 2.02734375}
{'name': 'sihost.exe', 'username': 'DESKTOP-1SJROOB\\admin', 'pid': 3968, 'vms': 12.80859375}
{'name': 'svchost.exe', 'username': None, 'pid': 4036, 'vms': 9.23046875}
{'name': 'svchost.exe', 'username': None, 'pid': 4108, 'vms': 1.50390625}
{'name': 'svchost.exe', 'username': None, 'pid': 4160, 'vms': 1.2734375}
{'name': 'svchost.exe', 'username': None, 'pid': 4208, 'vms': 1.36328125}
{'name': 'QcomWlanSrvx64.exe', 'username': None, 'pid': 4220, 'vms': 1.28515625}
{'name': 'svchost.exe', 'username': None, 'pid': 4228, 'vms': 4.73046875}
{'name': 'esif_uf.exe', 'username': None, 'pid': 4236, 'vms': 1.7578125}
{'name': 'svchost.exe', 'username': None, 'pid': 4244, 'vms': 3.81640625}
{'name': 'AdminService.exe', 'username': None, 'pid': 4252, 'vms': 2.21875}
{'name': 'OneApp.IGCC.WinService.exe', 'username': None, 'pid': 4280, 'vms': 36.125}
{'name': 'shareitservice.exe', 'username': None, 'pid': 4296, 'vms': 19.24609375}
{'name': 'armsvc.exe', 'username': None, 'pid': 4304, 'vms': 1.56640625}
{'name': 'SynTPEnhService.exe', 'username': None, 'pid': 4312, 'vms': 1.29296875}
{'name': 'HPPrintScanDoctorService.exe', 'username': None, 'pid': 4336, 'vms': 1.53515625}
{'name': 'WavesSysSvc64.exe', 'username': None, 'pid': 4388, 'vms': 3.77734375}
{'name': 'svchost.exe', 'username': None, 'pid': 4416, 'vms': 3.0390625}
{'name': 'svchost.exe', 'username': 'DESKTOP-1SJROOB\\admin', 'pid': 4428, 'vms': 11.73046875}
{'name': 'MsMpEng.exe', 'username': None, 'pid': 4456, 'vms': 301.7734375}
{'name': 'WMIRegistrationService.exe', 'username': None, 'pid': 4476, 'vms': 2.4921875}
{'name': 'svchost.exe', 'username': None, 'pid': 4500, 'vms': 2.90625}
{'name': 'svchost.exe', 'username': None, 'pid': 4520, 'vms': 1.21484375}
{'name': 'taskhostw.exe', 'username': 'DESKTOP-1SJROOB\\admin', 'pid': 4588, 'vms': 7.6640625}
{'name': 'OfficeClickToRun.exe', 'username': None, 'pid': 4608, 'vms': 41.99609375}
{'name': 'svchost.exe', 'username': None, 'pid': 4628, 'vms': 2.27734375}
{'name': 'svchost.exe', 'username': 'DESKTOP-1SJROOB\\admin', 'pid': 4636, 'vms': 1.7421875}
{'name': 'LMS.exe', 'username': None, 'pid': 4688, 'vms': 2.91796875}
{'name': 'svchost.exe', 'username': 'DESKTOP-1SJROOB\\admin', 'pid': 4740, 'vms': 10.6171875}
{'name': 'svchost.exe', 'username': None, 'pid': 4752, 'vms': 3.46875}
{'name': 'UserOOBEBroker.exe', 'username': 'DESKTOP-1SJROOB\\admin', 'pid': 4772, 'vms': 2.12109375}
{'name': 'svchost.exe', 'username': None, 'pid': 4780, 'vms': 2.80859375}
{'name': 'Code.exe', 'username': 'DESKTOP-1SJROOB\\admin', 'pid': 4836, 'vms': 73.2734375}
{'name': 'jhi_service.exe', 'username': None, 'pid': 4996, 'vms': 1.2734375}
{'name': 'RuntimeBroker.exe', 'username': 'DESKTOP-1SJROOB\\admin', 'pid': 5004, 'vms': 2.08984375}
{'name': 'GoogleCrashHandler.exe', 'username': None, 'pid': 5204, 'vms': 1.55078125}
{'name': 'igfxEM.exe', 'username': 'DESKTOP-1SJROOB\\admin', 'pid': 5348, 'vms': 3.6796875}
{'name': 'chrome.exe', 'username': 'DESKTOP-1SJROOB\\admin', 'pid': 5476, 'vms': 30.65234375}
{'name': 'svchost.exe', 'username': 'DESKTOP-1SJROOB\\admin', 'pid': 5492, 'vms': 5.52734375}
{'name': 'svchost.exe', 'username': None, 'pid': 5516, 'vms': 1.50390625}
{'name': 'svchost.exe', 'username': None, 'pid': 5604, 'vms': 2.80859375}
{'name': 'chrome.exe', 'username': 'DESKTOP-1SJROOB\\admin', 'pid': 5620, 'vms': 14.7578125}
{'name': 'FileCoAuth.exe', 'username': 'DESKTOP-1SJROOB\\admin', 'pid': 5744, 'vms': 4.5703125}
{'name': 'dllhost.exe', 'username': None, 'pid': 6012, 'vms': 3.0390625}
{'name': 'SearchIndexer.exe', 'username': None, 'pid': 6104, 'vms': 32.8828125}
{'name': 'svchost.exe', 'username': None, 'pid': 6224, 'vms': 4.04296875}
{'name': 'svchost.exe', 'username': None, 'pid': 6324, 'vms': 5.9765625}
{'name': 'SearchApp.exe', 'username': 'DESKTOP-1SJROOB\\admin', 'pid': 6336, 'vms': 553.81640625}
{'name': 'svchost.exe', 'username': None, 'pid': 6404, 'vms': 2.17578125}
{'name': 'Code.exe', 'username': 'DESKTOP-1SJROOB\\admin', 'pid': 6416, 'vms': 57.9375}
{'name': 'svchost.exe', 'username': None, 'pid': 6420, 'vms': 4.62109375}
{'name': 'svchost.exe', 'username': None, 'pid': 6472, 'vms': 1.87109375}
{'name': 'Code.exe', 'username': 'DESKTOP-1SJROOB\\admin', 'pid': 6676, 'vms': 32.42578125}
{'name': 'svchost.exe', 'username': None, 'pid': 6744, 'vms': 2.33984375}
{'name': 'GoogleCrashHandler64.exe', 'username': None, 'pid': 7092, 'vms': 1.5703125}
{'name': 'SynTPHelper.exe', 'username': 'DESKTOP-1SJROOB\\admin', 'pid': 7100, 'vms': 1.0390625}
{'name': 'RuntimeBroker.exe', 'username': 'DESKTOP-1SJROOB\\admin', 'pid': 7468, 'vms': 4.7890625}
{'name': 'svchost.exe', 'username': 'DESKTOP-1SJROOB\\admin', 'pid': 7496, 'vms': 3.7734375}
{'name': 'svchost.exe', 'username': None, 'pid': 7616, 'vms': 5.69140625}
{'name': 'LocationNotificationWindows.exe', 'username': 'DESKTOP-1SJROOB\\admin', 'pid': 7664, 'vms': 1.51171875}
{'name': 'Code.exe', 'username': 'DESKTOP-1SJROOB\\admin', 'pid': 7772, 'vms': 58.1328125}
{'name': 'python.exe', 'username': 'DESKTOP-1SJROOB\\admin', 'pid': 7864, 'vms': 15.1796875}
{'name': 'StartMenuExperienceHost.exe', 'username': 'DESKTOP-1SJROOB\\admin', 'pid': 7900, 'vms': 27.41015625}
{'name': 'RuntimeBroker.exe', 'username': 'DESKTOP-1SJROOB\\admin', 'pid': 7964, 'vms': 6.57421875}
{'name': 'nearby_share.exe', 'username': 'DESKTOP-1SJROOB\\admin', 'pid': 8024, 'vms': 71.0859375}
{'name': 'SearchApp.exe', 'username': 'DESKTOP-1SJROOB\\admin', 'pid': 8108, 'vms': 177.97265625}
{'name': 'RuntimeBroker.exe', 'username': 'DESKTOP-1SJROOB\\admin', 'pid': 8176, 'vms': 10.09765625}
{'name': 'ShellExperienceHost.exe', 'username': 'DESKTOP-1SJROOB\\admin', 'pid': 8220, 'vms': 23.1015625}
{'name': 'conhost.exe', 'username': 'DESKTOP-1SJROOB\\admin', 'pid': 8300, 'vms': 7.92578125}
{'name': 'SearchFilterHost.exe', 'username': None, 'pid': 8308, 'vms': 1.42578125}
{'name': 'TextInputHost.exe', 'username': 'DESKTOP-1SJROOB\\admin', 'pid': 8512, 'vms': 15.06640625}
{'name': 'Code.exe', 'username': 'DESKTOP-1SJROOB\\admin', 'pid': 8588, 'vms': 10.5390625}
{'name': 'svchost.exe', 'username': None, 'pid': 8600, 'vms': 11.21484375}
{'name': 'chrome.exe', 'username': 'DESKTOP-1SJROOB\\admin', 'pid': 8612, 'vms': 154.359375}
{'name': 'chrome.exe', 'username': 'DESKTOP-1SJROOB\\admin', 'pid': 8664, 'vms': 6.5390625}
{'name': 'RuntimeBroker.exe', 'username': 'DESKTOP-1SJROOB\\admin', 'pid': 8840, 'vms': 4.23828125}
{'name': 'SDXHelper.exe', 'username': 'DESKTOP-1SJROOB\\admin', 'pid': 8852, 'vms': 10.80859375}
{'name': 'SecurityHealthSystray.exe', 'username': 'DESKTOP-1SJROOB\\admin', 'pid': 8988, 'vms': 1.7265625}
{'name': 'SecurityHealthService.exe', 'username': None, 'pid': 9060, 'vms': 4.2734375}
{'name': 'svchost.exe', 'username': None, 'pid': 9160, 'vms': 1.69140625}
{'name': 'chrome.exe', 'username': 'DESKTOP-1SJROOB\\admin', 'pid': 9188, 'vms': 133.7109375}
{'name': 'RtkNGUI64.exe', 'username': 'DESKTOP-1SJROOB\\admin', 'pid': 9244, 'vms': 4.46875}
{'name': 'ApplicationFrameHost.exe', 'username': 'DESKTOP-1SJROOB\\admin', 'pid': 9256, 'vms': 16.375}
{'name': 'RAVBg64.exe', 'username': 'DESKTOP-1SJROOB\\admin', 'pid': 9292, 'vms': 4.1484375}
{'name': 'WavesSvc64.exe', 'username': 'DESKTOP-1SJROOB\\admin', 'pid': 9420, 'vms': 15.9765625}
{'name': 'Code.exe', 'username': 'DESKTOP-1SJROOB\\admin', 'pid': 9920, 'vms': 12.59375}
{'name': 'SystemSettings.exe', 'username': 'DESKTOP-1SJROOB\\admin', 'pid': 10028, 'vms': 27.6875}
{'name': 'OneDrive.exe', 'username': 'DESKTOP-1SJROOB\\admin', 'pid': 10088, 'vms': 45.1015625}
{'name': 'chrome.exe', 'username': 'DESKTOP-1SJROOB\\admin', 'pid': 10512, 'vms': 17.234375}
{'name': 'msedge.exe', 'username': 'DESKTOP-1SJROOB\\admin', 'pid': 10584, 'vms': 53.0625}
{'name': 'msedge.exe', 'username': 'DESKTOP-1SJROOB\\admin', 'pid': 10612, 'vms': 1.9921875}
{'name': 'msedge.exe', 'username': 'DESKTOP-1SJROOB\\admin', 'pid': 10812, 'vms': 24.21875}
{'name': 'msedge.exe', 'username': 'DESKTOP-1SJROOB\\admin', 'pid': 10820, 'vms': 11.484375}
{'name': 'msedge.exe', 'username': 'DESKTOP-1SJROOB\\admin', 'pid': 10840, 'vms': 6.5625}
{'name': 'svchost.exe', 'username': None, 'pid': 11056, 'vms': 1.21484375}
{'name': 'LockApp.exe', 'username': 'DESKTOP-1SJROOB\\admin', 'pid': 11284, 'vms': 16.6796875}
{'name': 'chrome.exe', 'username': 'DESKTOP-1SJROOB\\admin', 'pid': 11348, 'vms': 26.0}
{'name': 'CalculatorApp.exe', 'username': 'DESKTOP-1SJROOB\\admin', 'pid': 11356, 'vms': 27.640625}
{'name': 'chrome.exe', 'username': 'DESKTOP-1SJROOB\\admin', 'pid': 11416, 'vms': 84.94140625}
{'name': 'backgroundTaskHost.exe', 'username': 'DESKTOP-1SJROOB\\admin', 'pid': 11788, 'vms': 22.94140625}
{'name': 'SearchProtocolHost.exe', 'username': 'DESKTOP-1SJROOB\\admin', 'pid': 11880, 'vms': 1.80859375}
{'name': 'RuntimeBroker.exe', 'username': 'DESKTOP-1SJROOB\\admin', 'pid': 12160, 'vms': 1.35546875}
{'name': 'chrome.exe', 'username': 'DESKTOP-1SJROOB\\admin', 'pid': 12168, 'vms': 25.08203125}
{'name': 'svchost.exe', 'username': None, 'pid': 12224, 'vms': 2.79296875}
{'name': 'taskhostw.exe', 'username': 'DESKTOP-1SJROOB\\admin', 'pid': 12676, 'vms': 2.0703125}
{'name': 'backgroundTaskHost.exe', 'username': 'DESKTOP-1SJROOB\\admin', 'pid': 13060, 'vms': 7.18359375}
{'name': 'chrome.exe', 'username': 'DESKTOP-1SJROOB\\admin', 'pid': 13092, 'vms': 56.00390625}
{'name': 'SearchProtocolHost.exe', 'username': None, 'pid': 13108, 'vms': 2.3671875}
